<?xml version="1.0" encoding="utf-8"?><testsuites name="pytest tests"><testsuite name="pytest" errors="0" failures="0" skipped="87" tests="625" time="1627.085" timestamp="2026-06-16T17:50:13.387244-03:00" hostname="DESKTOP-Q09H7B9"><testcase classname="lifelines.tests.test_estimation.TestBaseFitter" name="test_repr_without_fitter" time="0.005" /><testcase classname="lifelines.tests.test_estimation.TestParametricUnivariateFitters" name="test_spline_fitter_has_specific_fit_method" time="0.003" /><testcase classname="lifelines.tests.test_estimation.TestParametricUnivariateFitters" name="test_confidence_interval_is_expected" time="0.991" /><testcase classname="lifelines.tests.test_estimation.TestParametricUnivariateFitters" name="test_AIC_on_models" time="4.449" /><testcase classname="lifelines.tests.test_estimation.TestParametricUnivariateFitters" name="test_models_can_handle_really_large_duration_values" time="8.663" /><testcase classname="lifelines.tests.test_estimation.TestParametricUnivariateFitters" name="test_models_can_handle_really_small_duration_values" time="5.576" /><testcase classname="lifelines.tests.test_estimation.TestParametricUnivariateFitters" name="test_models_can_handle_really_small_duration_values_for_left_censorship" time="9.862" /><testcase classname="lifelines.tests.test_estimation.TestParametricUnivariateFitters" name="test_parametric_univariate_fitters_can_print_summary" time="4.163" /><testcase classname="lifelines.tests.test_estimation.TestParametricUnivariateFitters" name="test_parametric_univariate_fitters_has_confidence_intervals" time="9.077" /><testcase classname="lifelines.tests.test_estimation.TestParametricUnivariateFitters" name="test_warnings_for_problematic_cumulative_hazards" time="0.133" /><testcase classname="lifelines.tests.test_estimation.TestParametricUnivariateFitters" name="test_parameteric_models_all_can_do_interval_censoring" time="7.002" /><testcase classname="lifelines.tests.test_estimation.TestParametricUnivariateFitters" name="test_parameteric_models_all_can_do_interval_censoring_with_prediction" time="6.839" /><testcase classname="lifelines.tests.test_estimation.TestParametricUnivariateFitters" name="test_parameteric_models_fail_if_passing_in_bad_event_data" time="0.026" /><testcase classname="lifelines.tests.test_estimation.TestParametricUnivariateFitters" name="test_print_summary" time="3.029" /><testcase classname="lifelines.tests.test_estimation.TestUnivariateFitters" name="test_label_is_not_overwritten" time="0.268" /><testcase classname="lifelines.tests.test_estimation.TestUnivariateFitters" name="test_confidence_interval_has_the_correct_order_so_plotting_doesnt_break" time="7.943" /><testcase classname="lifelines.tests.test_estimation.TestUnivariateFitters" name="test_repr_with_fitter" time="5.120" /><testcase classname="lifelines.tests.test_estimation.TestUnivariateFitters" name="test_allow_dataframes" time="12.542" /><testcase classname="lifelines.tests.test_estimation.TestUnivariateFitters" name="test_has_percentile_function" time="8.305" /><testcase classname="lifelines.tests.test_estimation.TestUnivariateFitters" name="test_default_alpha_is_005" time="0.003" /><testcase classname="lifelines.tests.test_estimation.TestUnivariateFitters" name="test_univariate_fitters_accept_late_entries" time="3.783" /><testcase classname="lifelines.tests.test_estimation.TestUnivariateFitters" name="test_univariate_fitters_accepts_fit_options" time="23.506" /><testcase classname="lifelines.tests.test_estimation.TestUnivariateFitters" name="test_univariate_fitters_with_survival_function_have_conditional_time_to_" time="8.442" /><testcase classname="lifelines.tests.test_estimation.TestUnivariateFitters" name="test_conditional_time_to_allows_custom_timelines" time="6.729" /><testcase classname="lifelines.tests.test_estimation.TestUnivariateFitters" name="test_univariate_fitters_allows_one_to_change_alpha_at_fit_time" time="16.075" /><testcase classname="lifelines.tests.test_estimation.TestUnivariateFitters" name="test_univariate_fitters_have_a_plot_method" time="8.078" /><testcase classname="lifelines.tests.test_estimation.TestUnivariateFitters" name="test_univariate_fitters_ok_if_given_timedelta" time="6.028" /><testcase classname="lifelines.tests.test_estimation.TestUnivariateFitters" name="test_univariate_fitters_okay_if_given_boolean_col_with_object_dtype" time="6.382" /><testcase classname="lifelines.tests.test_estimation.TestUnivariateFitters" name="test_predict_methods_returns_a_scalar_or_a_array_depending_on_input" time="8.266" /><testcase classname="lifelines.tests.test_estimation.TestUnivariateFitters" name="test_cumulative_density_ci_is_ordered_correctly" time="9.602" /><testcase classname="lifelines.tests.test_estimation.TestUnivariateFitters" name="test_predict_method_returns_exact_value_if_given_an_observed_time" time="0.038" /><testcase classname="lifelines.tests.test_estimation.TestUnivariateFitters" name="test_predict_method_returns_an_approximation_if_not_in_the_index_and_interpolate_set_to_true" time="0.028" /><testcase classname="lifelines.tests.test_estimation.TestUnivariateFitters" name="test_predict_method_returns_the_previous_value_if_not_in_the_index" time="0.040" /><testcase classname="lifelines.tests.test_estimation.TestUnivariateFitters" name="test_custom_timeline_can_be_list_or_array" time="19.836" /><testcase classname="lifelines.tests.test_estimation.TestUnivariateFitters" name="test_custom_timeline" time="7.371" /><testcase classname="lifelines.tests.test_estimation.TestUnivariateFitters" name="test_label_is_a_property" time="8.338" /><testcase classname="lifelines.tests.test_estimation.TestUnivariateFitters" name="test_ci_labels" time="8.916" /><testcase classname="lifelines.tests.test_estimation.TestUnivariateFitters" name="test_ci_is_not_all_nan" time="8.971" /><testcase classname="lifelines.tests.test_estimation.TestUnivariateFitters" name="test_lists_and_tuples_as_input" time="68.401" /><testcase classname="lifelines.tests.test_estimation.TestUnivariateFitters" name="test_subtraction_function" time="15.950" /><testcase classname="lifelines.tests.test_estimation.TestUnivariateFitters" name="test_subtract_function_with_labelled_data" time="16.516" /><testcase classname="lifelines.tests.test_estimation.TestUnivariateFitters" name="test_divide_function" time="20.831" /><testcase classname="lifelines.tests.test_estimation.TestUnivariateFitters" name="test_divide_function_with_labelled_data" time="18.624" /><testcase classname="lifelines.tests.test_estimation.TestUnivariateFitters" name="test_valueerror_is_thrown_if_alpha_out_of_bounds" time="0.004" /><testcase classname="lifelines.tests.test_estimation.TestUnivariateFitters" name="test_typeerror_is_thrown_if_there_is_nans_in_the_duration_col" time="0.004" /><testcase classname="lifelines.tests.test_estimation.TestUnivariateFitters" name="test_typeerror_is_thrown_if_there_is_nans_in_the_event_col" time="0.007" /><testcase classname="lifelines.tests.test_estimation.TestUnivariateFitters" name="test_pickle_serialization" time="9.107" /><testcase classname="lifelines.tests.test_estimation.TestUnivariateFitters" name="test_dill_serialization" time="9.877" /><testcase classname="lifelines.tests.test_estimation.TestUnivariateFitters" name="test_joblib_serialization" time="9.983" /><testcase classname="lifelines.tests.test_estimation.TestUnivariateFitters" name="test_all_models_have_censoring_type" time="9.076" /><testcase classname="lifelines.tests.test_estimation.TestPiecewiseExponentialFitter" name="test_fit_with_bad_breakpoints_raises_error" time="0.003" /><testcase classname="lifelines.tests.test_estimation.TestPiecewiseExponentialFitter" name="test_fit_on_simulated_data" time="0.002" /><testcase classname="lifelines.tests.test_estimation.TestPiecewiseExponentialFitter" name="test_fit_on_simulated_data" time="48.930" /><testcase classname="lifelines.tests.test_estimation.TestLogNormalFitter" name="test_lognormal_model_has_sensible_interval_censored_initial_values_for_data_with_lots_of_infs" time="1.876" /><testcase classname="lifelines.tests.test_estimation.TestLogNormalFitter" name="test_fit" time="2.716" /><testcase classname="lifelines.tests.test_estimation.TestLogNormalFitter" name="test_lognormal_model_does_not_except_negative_or_zero_values" time="0.003" /><testcase classname="lifelines.tests.test_estimation.TestLogNormalFitter" name="test_cumulative_hazard_doesnt_fail" time="0.478" /><testcase classname="lifelines.tests.test_estimation.TestLogNormalFitter" name="test_lnf_inference" time="13.709" /><testcase classname="lifelines.tests.test_estimation.TestLogNormalFitter" name="test_lnf_inference_with_large_sigma" time="18.848" /><testcase classname="lifelines.tests.test_estimation.TestLogNormalFitter" name="test_lnf_inference_with_small_sigma" time="1.455" /><testcase classname="lifelines.tests.test_estimation.TestLogNormalFitter" name="test_lnf_inference_with_really_small_sigma" time="15.766" /><testcase classname="lifelines.tests.test_estimation.TestLogNormalFitter" name="test_lnf_inference_no_censorship" time="99.240" /><testcase classname="lifelines.tests.test_estimation.TestLogLogisticFitter" name="test_loglogistic_model_has_sensible_interval_censored_initial_values_for_data_with_lots_of_infs" time="4.872" /><testcase classname="lifelines.tests.test_estimation.TestLogLogisticFitter" name="test_loglogistic_model_does_not_except_negative_or_zero_values" time="0.004" /><testcase classname="lifelines.tests.test_estimation.TestLogLogisticFitter" name="test_llf_simple_inference" time="1.022" /><testcase classname="lifelines.tests.test_estimation.TestLogLogisticFitter" name="test_llf_less_simple_inference" time="1.804" /><testcase classname="lifelines.tests.test_estimation.TestLogLogisticFitter" name="test_llf_less_simple_inference_with_censorship" time="2.728" /><testcase classname="lifelines.tests.test_estimation.TestLogLogisticFitter" name="test_llf_large_values" time="3.555" /><testcase classname="lifelines.tests.test_estimation.TestLogLogisticFitter" name="test_llf_small_values" time="6.458"><skipped type="pytest.xfail" message="" /></testcase><testcase classname="lifelines.tests.test_estimation.TestWeibullFitter" name="test_unstable_data" time="0.004"><skipped type="pytest.skip" message="skipping due to url read error">C:\Users\Carvalho\Dev\manutecao-lifelines\lifelines\lifelines\tests\test_estimation.py:950: skipping due to url read error</skipped></testcase><testcase classname="lifelines.tests.test_estimation.TestWeibullFitter" name="test_left_censorship_inference[750]" time="0.001" /><testcase classname="lifelines.tests.test_estimation.TestWeibullFitter" name="test_left_censorship_inference[750]" time="0.001" /><testcase classname="lifelines.tests.test_estimation.TestWeibullFitter" name="test_left_censorship_inference[750]" time="0.437" /><testcase classname="lifelines.tests.test_estimation.TestWeibullFitter" name="test_left_censorship_inference[1500]" time="0.001" /><testcase classname="lifelines.tests.test_estimation.TestWeibullFitter" name="test_left_censorship_inference[1500]" time="0.465" /><testcase classname="lifelines.tests.test_estimation.TestWeibullFitter" name="test_weibull_with_delayed_entries" time="3.398" /><testcase classname="lifelines.tests.test_estimation.TestWeibullFitter" name="test_weibull_fit_returns_float_timelines" time="0.275" /><testcase classname="lifelines.tests.test_estimation.TestWeibullFitter" name="test_weibull_model_does_not_accept_negative_or_zero_values" time="0.003" /><testcase classname="lifelines.tests.test_estimation.TestWeibullFitter" name="test_exponential_data_produces_correct_inference_no_censorship" time="7.843" /><testcase classname="lifelines.tests.test_estimation.TestWeibullFitter" name="test_exponential_data_produces_correct_inference_with_censorship" time="0.880" /><testcase classname="lifelines.tests.test_estimation.TestWeibullFitter" name="test_convergence_completes_for_ever_increasing_data_sizes" time="1.886" /><testcase classname="lifelines.tests.test_estimation.TestWeibullFitter" name="test_interval_censoring_with_excepted_results" time="1.185" /><testcase classname="lifelines.tests.test_estimation.TestWeibullFitter" name="test_interval_censoring_against_reliasoft" time="1.120" /><testcase classname="lifelines.tests.test_estimation.TestGeneralizedGammaFitter" name="test_exponential_data_inference" time="24.994" /><testcase classname="lifelines.tests.test_estimation.TestGeneralizedGammaFitter" name="test_weibull_data_inference" time="15.936" /><testcase classname="lifelines.tests.test_estimation.TestGeneralizedGammaFitter" name="test_gamma_data_inference" time="10.787" /><testcase classname="lifelines.tests.test_estimation.TestGeneralizedGammaFitter" name="test_lognormal_data_inference" time="13.784" /><testcase classname="lifelines.tests.test_estimation.TestGeneralizedGammaFitter" name="test_inverse_weibull_inference" time="10.431" /><testcase classname="lifelines.tests.test_estimation.TestGeneralizedGammaFitter" name="test_inverse_gamma_inference" time="22.680" /><testcase classname="lifelines.tests.test_estimation.TestGeneralizedGammaFitter" name="test_against_reliability_software" time="1.811" /><testcase classname="lifelines.tests.test_estimation.TestExponentialFitter" name="test_fit_computes_correct_lambda_" time="0.099" /><testcase classname="lifelines.tests.test_estimation.TestExponentialFitter" name="test_fit_computes_correct_asymptotic_variance" time="0.112" /><testcase classname="lifelines.tests.test_estimation.TestKaplanMeierFitter" name="test_kmf_overflow_error" time="2.264" /><testcase classname="lifelines.tests.test_estimation.TestKaplanMeierFitter" name="test_left_truncation_against_Cole_and_Hudgens" time="0.035" /><testcase classname="lifelines.tests.test_estimation.TestKaplanMeierFitter" name="test_kaplan_meier_no_censorship" time="0.030" /><testcase classname="lifelines.tests.test_estimation.TestKaplanMeierFitter" name="test_kaplan_meier_with_censorship" time="0.043" /><testcase classname="lifelines.tests.test_estimation.TestKaplanMeierFitter" name="test_stat_error_is_raised_if_too_few_early_deaths" time="0.025" /><testcase classname="lifelines.tests.test_estimation.TestKaplanMeierFitter" name="test_sort_doesnt_affect_kmf" time="0.053" /><testcase classname="lifelines.tests.test_estimation.TestKaplanMeierFitter" name="test_passing_in_left_censorship_creates_a_cumulative_density" time="0.035" /><testcase classname="lifelines.tests.test_estimation.TestKaplanMeierFitter" name="test_kmf_left_censored_data_stats" time="0.039" /><testcase classname="lifelines.tests.test_estimation.TestKaplanMeierFitter" name="test_shifting_durations_doesnt_affect_survival_function_values" time="0.095" /><testcase classname="lifelines.tests.test_estimation.TestKaplanMeierFitter" name="test_kmf_survival_curve_output_against_R" time="0.066" /><testcase classname="lifelines.tests.test_estimation.TestKaplanMeierFitter" name="test_kmf_survival_curve_output_against_R_super_accurate" time="0.065"><skipped type="pytest.xfail" message="" /></testcase><testcase classname="lifelines.tests.test_estimation.TestKaplanMeierFitter" name="test_kmf_confidence_intervals_output_against_R" time="0.044" /><testcase classname="lifelines.tests.test_estimation.TestKaplanMeierFitter" name="test_kmf_does_not_drop_to_zero_if_last_point_is_censored" time="0.029" /><testcase classname="lifelines.tests.test_estimation.TestKaplanMeierFitter" name="test_adding_weights_to_KaplanMeierFitter" time="0.066" /><testcase classname="lifelines.tests.test_estimation.TestKaplanMeierFitter" name="test_weights_can_be_floats" time="0.029" /><testcase classname="lifelines.tests.test_estimation.TestKaplanMeierFitter" name="test_weights_with_unaligned_index" time="0.039" /><testcase classname="lifelines.tests.test_estimation.TestKaplanMeierFitter" name="test_late_entry_with_almost_tied_entry_and_death_against_R" time="0.038" /><testcase classname="lifelines.tests.test_estimation.TestKaplanMeierFitter" name="test_late_entry_with_against_R" time="0.034" /><testcase classname="lifelines.tests.test_estimation.TestKaplanMeierFitter" name="test_kmf_has_both_survival_function_and_cumulative_density" time="0.057" /><testcase classname="lifelines.tests.test_estimation.TestKaplanMeierFitter" name="test_late_entry_with_tied_entry_and_death" time="0.095" /><testcase classname="lifelines.tests.test_estimation.TestKaplanMeierFitter" name="test_interval_censoring_to_r_test_0_and_inf" time="0.038" /><testcase classname="lifelines.tests.test_estimation.TestKaplanMeierFitter" name="test_interval_censoring_with_custom_index" time="0.031" /><testcase classname="lifelines.tests.test_estimation.TestKaplanMeierFitter" name="test_interval_censoring_with_weights" time="0.025" /><testcase classname="lifelines.tests.test_estimation.TestKaplanMeierFitter" name="test_interval_censoring_fit_against_R" time="0.036" /><testcase classname="lifelines.tests.test_estimation.TestKaplanMeierFitter" name="test_really_late_entrance" time="0.038" /><testcase classname="lifelines.tests.test_estimation.TestNelsonAalenFitter" name="test_cumulative_hazard_at_times" time="0.039" /><testcase classname="lifelines.tests.test_estimation.TestNelsonAalenFitter" name="test_nelson_aalen_no_censorship" time="0.034" /><testcase classname="lifelines.tests.test_estimation.TestNelsonAalenFitter" name="test_censor_nelson_aalen" time="0.034" /><testcase classname="lifelines.tests.test_estimation.TestNelsonAalenFitter" name="test_loc_slicing" time="0.039" /><testcase classname="lifelines.tests.test_estimation.TestNelsonAalenFitter" name="test_iloc_slicing" time="0.037" /><testcase classname="lifelines.tests.test_estimation.TestNelsonAalenFitter" name="test_smoothing_hazard_ties" time="0.028" /><testcase classname="lifelines.tests.test_estimation.TestNelsonAalenFitter" name="test_smoothing_hazard_nontied" time="0.058" /><testcase classname="lifelines.tests.test_estimation.TestNelsonAalenFitter" name="test_smoothing_hazard_ties_all_events_observed" time="0.028" /><testcase classname="lifelines.tests.test_estimation.TestNelsonAalenFitter" name="test_smoothing_hazard_with_spike_at_time_0" time="0.040" /><testcase classname="lifelines.tests.test_estimation.TestNelsonAalenFitter" name="test_nelson_aalen_smoothing" time="0.054" /><testcase classname="lifelines.tests.test_estimation.TestNelsonAalenFitter" name="test_adding_weights_to_NelsonAalenFitter" time="0.062" /><testcase classname="lifelines.tests.test_estimation.TestNelsonAalenFitter" name="test_variance_calculation_does_not_overflow" time="14.700" /><testcase classname="lifelines.tests.test_estimation.TestBreslowFlemingHarringtonFitter" name="test_BHF_fit_when_KMF_throws_an_error" time="0.119" /><testcase classname="lifelines.tests.test_estimation.TestParametricRegressionFitter" name="test_AIC_on_models" time="1.891" /><testcase classname="lifelines.tests.test_estimation.TestParametricRegressionFitter" name="test_fit_options" time="0.938" /><testcase classname="lifelines.tests.test_estimation.TestParametricRegressionFitter" name="test_penalizer_can_be_an_array" time="1.647" /><testcase classname="lifelines.tests.test_estimation.TestParametricRegressionFitter" name="test_penalizer_can_be_an_array_and_check_it_behaves_as_expected" time="1.608" /><testcase classname="lifelines.tests.test_estimation.TestParametricRegressionFitter" name="test_custom_weibull_model_gives_the_same_data_as_implemented_weibull_model" time="5.371" /><testcase classname="lifelines.tests.test_estimation.TestCustomRegressionModel" name="test_reparameterization_flips_the_sign" time="4.681" /><testcase classname="lifelines.tests.test_estimation.TestCustomRegressionModel" name="test_custom_regression_model_accepts_infs_in_interval_censoring" time="6.582" /><testcase classname="lifelines.tests.test_estimation.TestCustomRegressionModel" name="test_warning_is_thrown_in_predict_median" time="4.424" /><testcase classname="lifelines.tests.test_estimation.TestCustomRegressionModel" name="test_score_works_for_interval_censoring" time="6.639" /><testcase classname="lifelines.tests.test_estimation.TestCustomRegressionModel" name="test_formulas_can_be_used_for_regressors" time="4.818" /><testcase classname="lifelines.tests.test_estimation.TestRegressionFitters" name="test_no_observations" time="18.155" /><testcase classname="lifelines.tests.test_estimation.TestRegressionFitters" name="test_compute_central_values_of_raw_training_data" time="0.043" /><testcase classname="lifelines.tests.test_estimation.TestRegressionFitters" name="test_compute_central_values_of_raw_training_data_with_strata" time="0.053" /><testcase classname="lifelines.tests.test_estimation.TestRegressionFitters" name="test_compute_central_values_of_raw_training_data_with_integer_categorical_data" time="0.027" /><testcase classname="lifelines.tests.test_estimation.TestRegressionFitters" name="test_alpha_will_vary_the_statistics_in_summary" time="3.405" /><testcase classname="lifelines.tests.test_estimation.TestRegressionFitters" name="test_spline_model_can_use_score" time="0.781" /><testcase classname="lifelines.tests.test_estimation.TestRegressionFitters" name="test_score_method_returns_same_value_for_unpenalized_models" time="1.951" /><testcase classname="lifelines.tests.test_estimation.TestRegressionFitters" name="test_score_method_returns_same_value_for_unpenalized_models_fails_for_an_unknown_reason" time="0.690"><skipped type="pytest.xfail" message="" /></testcase><testcase classname="lifelines.tests.test_estimation.TestRegressionFitters" name="test_print_summary" time="17.397" /><testcase classname="lifelines.tests.test_estimation.TestRegressionFitters" name="test_all_models_have_regressors_property" time="13.979" /><testcase classname="lifelines.tests.test_estimation.TestRegressionFitters" name="test_pickle_serialization" time="14.229" /><testcase classname="lifelines.tests.test_estimation.TestRegressionFitters" name="test_dill_serialization" time="14.712" /><testcase classname="lifelines.tests.test_estimation.TestRegressionFitters" name="test_joblib_serialization" time="15.841" /><testcase classname="lifelines.tests.test_estimation.TestRegressionFitters" name="test_fit_will_accept_object_dtype_as_event_col" time="11.307" /><testcase classname="lifelines.tests.test_estimation.TestRegressionFitters" name="test_fit_raise_an_error_if_nan_in_event_col" time="0.060" /><testcase classname="lifelines.tests.test_estimation.TestRegressionFitters" name="test_predict_methods_in_regression_return_same_types" time="44.285" /><testcase classname="lifelines.tests.test_estimation.TestRegressionFitters" name="test_predict_methods_in_regression_return_same_index" time="28.544" /><testcase classname="lifelines.tests.test_estimation.TestRegressionFitters" name="test_duration_vector_can_be_normalized_up_to_an_intercept" time="2.872" /><testcase classname="lifelines.tests.test_estimation.TestRegressionFitters" name="test_prediction_methods_respect_index" time="14.800" /><testcase classname="lifelines.tests.test_estimation.TestRegressionFitters" name="test_error_is_not_raised_if_using_non_numeric_data_in_fit" time="2.656" /><testcase classname="lifelines.tests.test_estimation.TestRegressionFitters" name="test_categorical_prediction" time="0.596" /><testcase classname="lifelines.tests.test_estimation.TestRegressionFitters" name="test_regression_model_has_concordance_index_" time="0.856"><skipped type="pytest.xfail" message="" /></testcase><testcase classname="lifelines.tests.test_estimation.TestRegressionFitters" name="test_regression_model_updates_concordance_index_" time="0.932"><skipped type="pytest.xfail" message="" /></testcase><testcase classname="lifelines.tests.test_estimation.TestRegressionFitters" name="test_error_is_thrown_if_there_is_nans_in_the_duration_col" time="0.535" /><testcase classname="lifelines.tests.test_estimation.TestRegressionFitters" name="test_error_is_thrown_if_there_is_nans_in_the_event_col" time="0.097" /><testcase classname="lifelines.tests.test_estimation.TestRegressionFitters" name="test_all_models_have_censoring_type" time="14.148" /><testcase classname="lifelines.tests.test_estimation.TestRegressionFitters" name="test_regression_models_will_not_fail_when_provided_int_times_on_prediction" time="46.959" /><testcase classname="lifelines.tests.test_estimation.TestPiecewiseExponentialRegressionFitter" name="test_print_summary" time="2.386" /><testcase classname="lifelines.tests.test_estimation.TestPiecewiseExponentialRegressionFitter" name="test_inference" time="30.252" /><testcase classname="lifelines.tests.test_estimation.TestAFTFitters" name="test_predict_median_takes_dataframe_with_bools" time="0.980" /><testcase classname="lifelines.tests.test_estimation.TestAFTFitters" name="test_predict_median_accepts_series" time="0.987" /><testcase classname="lifelines.tests.test_estimation.TestAFTFitters" name="test_heterogenous_initial_point" time="2.847" /><testcase classname="lifelines.tests.test_estimation.TestAFTFitters" name="test_percentile_gives_proper_result_compared_to_survival_function" time="2.601" /><testcase classname="lifelines.tests.test_estimation.TestAFTFitters" name="test_fit_intercept_can_be_false_and_not_provided" time="2.854" /><testcase classname="lifelines.tests.test_estimation.TestAFTFitters" name="test_fit_intercept_can_be_false_but_provided" time="2.799" /><testcase classname="lifelines.tests.test_estimation.TestAFTFitters" name="test_warning_is_present_if_entry_greater_than_duration" time="0.150" /><testcase classname="lifelines.tests.test_estimation.TestAFTFitters" name="test_weights_col_and_start_col_is_not_included_in_the_output" time="9.115" /><testcase classname="lifelines.tests.test_estimation.TestAFTFitters" name="test_accept_initial_params" time="3.136" /><testcase classname="lifelines.tests.test_estimation.TestAFTFitters" name="test_log_likelihood_is_maximized_for_data_generating_model" time="19.712" /><testcase classname="lifelines.tests.test_estimation.TestAFTFitters" name="test_aft_median_behaviour" time="2.594" /><testcase classname="lifelines.tests.test_estimation.TestAFTFitters" name="test_aft_mean_behaviour" time="2.681" /><testcase classname="lifelines.tests.test_estimation.TestAFTFitters" name="test_aft_models_can_do_left_censoring" time="2.285" /><testcase classname="lifelines.tests.test_estimation.TestAFTFitters" name="test_model_ancillary_parameter_works_as_expected" time="1.022" /><testcase classname="lifelines.tests.test_estimation.TestLogNormalAFTFitter" name="test_coefs_with_fitted_ancillary_params" time="1.442" /><testcase classname="lifelines.tests.test_estimation.TestLogLogisticAFTFitter" name="test_coefs_with_fitted_ancillary_params" time="1.187" /><testcase classname="lifelines.tests.test_estimation.TestLogLogisticAFTFitter" name="test_proportional_odds" time="1.014" /><testcase classname="lifelines.tests.test_estimation.TestWeibullAFTFitter" name="test_interval_censoring_with_formula" time="0.939" /><testcase classname="lifelines.tests.test_estimation.TestWeibullAFTFitter" name="test_fitted_coefs_with_eha_when_left_truncated" time="1.184" /><testcase classname="lifelines.tests.test_estimation.TestWeibullAFTFitter" name="test_fitted_se_with_eha_when_left_truncated" time="1.125" /><testcase classname="lifelines.tests.test_estimation.TestWeibullAFTFitter" name="test_fitted_coefs_match_with_flexsurv_has" time="0.868" /><testcase classname="lifelines.tests.test_estimation.TestWeibullAFTFitter" name="test_fitted_se_match_with_flexsurv_has" time="0.869" /><testcase classname="lifelines.tests.test_estimation.TestWeibullAFTFitter" name="test_fitted_log_likelihood_match_with_flexsurv_has" time="0.836" /><testcase classname="lifelines.tests.test_estimation.TestWeibullAFTFitter" name="test_fitted_log_likelihood_ratio_test_match_with_flexsurv_has" time="0.799" /><testcase classname="lifelines.tests.test_estimation.TestWeibullAFTFitter" name="test_coefs_with_fitted_ancillary_params" time="0.930" /><testcase classname="lifelines.tests.test_estimation.TestWeibullAFTFitter" name="test_ancillary_True_is_same_as_full_df" time="2.004" /><testcase classname="lifelines.tests.test_estimation.TestWeibullAFTFitter" name="test_ancillary_None_is_same_as_False" time="1.511" /><testcase classname="lifelines.tests.test_estimation.TestWeibullAFTFitter" name="test_fit_intercept" time="2.025" /><testcase classname="lifelines.tests.test_estimation.TestWeibullAFTFitter" name="test_passing_in_additional_ancillary_in_predict_methods_if_fitted_with_one" time="1.106" /><testcase classname="lifelines.tests.test_estimation.TestWeibullAFTFitter" name="test_passing_in_additional_ancillary_in_predict_methods_okay_if_not_fitted_with_one" time="0.812" /><testcase classname="lifelines.tests.test_estimation.TestWeibullAFTFitter" name="test_robust_errors_against_R" time="5.908" /><testcase classname="lifelines.tests.test_estimation.TestWeibullAFTFitter" name="test_robust_errors_against_R_with_weights" time="6.042" /><testcase classname="lifelines.tests.test_estimation.TestWeibullAFTFitter" name="test_inference_is_the_same_if_using_right_censorship_or_interval_censorship_with_inf_endpoints" time="1.981" /><testcase classname="lifelines.tests.test_estimation.TestWeibullAFTFitter" name="test_weibull_interval_censoring_inference_on_known_R_output" time="1.813" /><testcase classname="lifelines.tests.test_estimation.TestWeibullAFTFitter" name="test_interval_censoring_with_ancillary" time="8.539" /><testcase classname="lifelines.tests.test_estimation.TestWeibullAFTFitter" name="test_aft_weibull_with_weights" time="0.853" /><testcase classname="lifelines.tests.test_estimation.TestWeibullAFTFitter" name="test_aft_weibull_with_ancillary_model_and_with_weights" time="0.787" /><testcase classname="lifelines.tests.test_estimation.TestWeibullAFTFitter" name="test_aft_weibull_can_do_interval_prediction" time="1.792" /><testcase classname="lifelines.tests.test_estimation.TestCoxPHFitter_SemiParametric" name="test_single_efron_computed_by_hand_examples" time="0.013" /><testcase classname="lifelines.tests.test_estimation.TestCoxPHFitter_SemiParametric" name="test_batch_efron_computed_by_hand_examples" time="0.016" /><testcase classname="lifelines.tests.test_estimation.TestCoxPHFitter_SemiParametric" name="test_efron_newtons_method" time="0.013" /><testcase classname="lifelines.tests.test_estimation.TestCoxPHFitter_SemiParametric" name="test_baseline_prediction_with_extreme_means" time="0.517" /><testcase classname="lifelines.tests.test_estimation.TestCoxPHFitter_SemiParametric" name="test_baseline_prediction_with_extreme_scaling" time="0.300" /><testcase classname="lifelines.tests.test_estimation.TestCoxPHFitterPieces" name="test_baseline_hazard_has_correct_functional_form" time="0.633" /><testcase classname="lifelines.tests.test_estimation.TestCoxPHFitterPieces" name="test_trivial_model_doesnt_fail" time="0.351" /><testcase classname="lifelines.tests.test_estimation.TestCoxPHFitter" name="test_has_c_index" time="1.518"><skipped type="pytest.xfail" message="" /></testcase><testcase classname="lifelines.tests.test_estimation.TestCoxPHFitter" name="test_score_function_works_with_formulas" time="0.219" /><testcase classname="lifelines.tests.test_estimation.TestCoxPHFitter" name="test_fit_kwargs_works_for_semiparametric" time="0.219" /><testcase classname="lifelines.tests.test_estimation.TestCoxPHFitter" name="test_fit_kwargs_works_for_spline_model" time="1.090" /><testcase classname="lifelines.tests.test_estimation.TestCoxPHFitter" name="test_parametric_models_can_do_interval_censoring" time="0.690" /><testcase classname="lifelines.tests.test_estimation.TestCoxPHFitter" name="test_parametric_models_can_do_left_censoring" time="0.813" /><testcase classname="lifelines.tests.test_estimation.TestCoxPHFitter" name="test_parametric_strata_null_dof" time="2.248" /><testcase classname="lifelines.tests.test_estimation.TestCoxPHFitter" name="test_late_entries_where_obs_is_equal_to_entry" time="0.087" /><testcase classname="lifelines.tests.test_estimation.TestCoxPHFitter" name="test_parametric_strata_score" time="2.117" /><testcase classname="lifelines.tests.test_estimation.TestCoxPHFitter" name="test_formula_can_accept_numpy_functions" time="0.219" /><testcase classname="lifelines.tests.test_estimation.TestCoxPHFitter" name="test_formulas_can_have_np_and_custom_functions" time="0.024"><skipped type="pytest.xfail" message="" /></testcase><testcase classname="lifelines.tests.test_estimation.TestCoxPHFitter" name="test_categorical_variables_are_still_encoded_correctly" time="0.095" /><testcase classname="lifelines.tests.test_estimation.TestCoxPHFitter" name="test_trivial_entry_col" time="1.856" /><testcase classname="lifelines.tests.test_estimation.TestCoxPHFitter" name="test_trivial_entry_col_with_strata" time="0.481" /><testcase classname="lifelines.tests.test_estimation.TestCoxPHFitter" name="test_entry_col_against_R" time="0.123" /><testcase classname="lifelines.tests.test_estimation.TestCoxPHFitter" name="test_formulas_can_be_used_for_inference" time="2.803" /><testcase classname="lifelines.tests.test_estimation.TestCoxPHFitter" name="test_formulas_can_be_used_with_prediction[cph0]" time="0.177" /><testcase classname="lifelines.tests.test_estimation.TestCoxPHFitter" name="test_formulas_can_be_used_with_prediction[cph1]" time="1.413" /><testcase classname="lifelines.tests.test_estimation.TestCoxPHFitter" name="test_formulas_can_be_used_with_prediction[cph2]" time="0.665" /><testcase classname="lifelines.tests.test_estimation.TestCoxPHFitter" name="test_formulas_handles_categories_at_inference" time="0.118" /><testcase classname="lifelines.tests.test_estimation.TestCoxPHFitter" name="test_timeline_argument_can_be_set" time="0.906" /><testcase classname="lifelines.tests.test_estimation.TestCoxPHFitter" name="test_penalizer_can_be_an_array" time="0.335" /><testcase classname="lifelines.tests.test_estimation.TestCoxPHFitter" name="test_penalizer_can_be_an_array_and_check_it_behaves_as_expected" time="0.335" /><testcase classname="lifelines.tests.test_estimation.TestCoxPHFitter" name="test_AIC_partial_" time="0.161" /><testcase classname="lifelines.tests.test_estimation.TestCoxPHFitter" name="test_compute_followup_hazard_ratios" time="5.201" /><testcase classname="lifelines.tests.test_estimation.TestCoxPHFitter" name="test_model_can_accept_null_covariates" time="0.067" /><testcase classname="lifelines.tests.test_estimation.TestCoxPHFitter" name="test_parameterized_model_can_handle_specific_outliers[cph0]" time="1.371" /><testcase classname="lifelines.tests.test_estimation.TestCoxPHFitter" name="test_parameterized_model_can_handle_specific_outliers[cph1]" time="0.768" /><testcase classname="lifelines.tests.test_estimation.TestCoxPHFitter" name="test_spline_and_breslow_models_offer_very_comparible_baseline_survivals" time="0.899" /><testcase classname="lifelines.tests.test_estimation.TestCoxPHFitter" name="test_penalty_term_is_used_in_log_likelihood_value" time="4.800" /><testcase classname="lifelines.tests.test_estimation.TestCoxPHFitter" name="test_strata_estimation_for_parameterized[cph0]" time="16.922" /><testcase classname="lifelines.tests.test_estimation.TestCoxPHFitter" name="test_strata_estimation_for_parameterized[cph1]" time="4.266" /><testcase classname="lifelines.tests.test_estimation.TestCoxPHFitter" name="test_strata_estimation_is_same_if_using_trivial_strata" time="3.413" /><testcase classname="lifelines.tests.test_estimation.TestCoxPHFitter" name="test_baseline_estimation_for_parameteric[cph0]" time="1.520" /><testcase classname="lifelines.tests.test_estimation.TestCoxPHFitter" name="test_baseline_estimation_for_parameteric[cph1]" time="0.750" /><testcase classname="lifelines.tests.test_estimation.TestCoxPHFitter" name="test_conditional_after_in_prediction" time="0.157" /><testcase classname="lifelines.tests.test_estimation.TestCoxPHFitter" name="test_conditional_after_with_custom_times" time="2.642" /><testcase classname="lifelines.tests.test_estimation.TestCoxPHFitter" name="test_conditional_after_with_strata_in_prediction" time="0.236" /><testcase classname="lifelines.tests.test_estimation.TestCoxPHFitter" name="test_conditional_after_with_strata_in_prediction2" time="0.226" /><testcase classname="lifelines.tests.test_estimation.TestCoxPHFitter" name="test_conditional_after_in_prediction_multiple_subjects" time="0.451" /><testcase classname="lifelines.tests.test_estimation.TestCoxPHFitter" name="test_conditional_after_in_prediction_multiple_subjects_with_custom_times" time="0.143" /><testcase classname="lifelines.tests.test_estimation.TestCoxPHFitter" name="test_that_a_convergence_warning_is_not_thrown_if_using_compute_residuals" time="0.175" /><testcase classname="lifelines.tests.test_estimation.TestCoxPHFitter" name="test_that_adding_strata_will_change_c_index" time="0.330" /><testcase classname="lifelines.tests.test_estimation.TestCoxPHFitter" name="test_check_assumptions" time="0.457" /><testcase classname="lifelines.tests.test_estimation.TestCoxPHFitter" name="test_check_assumptions_throws_if_raise_on_fail_enabled" time="0.246" /><testcase classname="lifelines.tests.test_estimation.TestCoxPHFitter" name="test_check_assumptions_for_subset_of_columns" time="0.414" /><testcase classname="lifelines.tests.test_estimation.TestCoxPHFitter" name="test_check_assumptions_with_formulas" time="0.294" /><testcase classname="lifelines.tests.test_estimation.TestCoxPHFitter" name="test_cph_doesnt_modify_original_dataframe" time="0.057" /><testcase classname="lifelines.tests.test_estimation.TestCoxPHFitter" name="test_cph_will_handle_times_with_only_censored_individuals" time="0.296" /><testcase classname="lifelines.tests.test_estimation.TestCoxPHFitter" name="test_schoenfeld_residuals_no_strata_but_with_censorship" time="0.072" /><testcase classname="lifelines.tests.test_estimation.TestCoxPHFitter" name="test_schoenfeld_residuals_with_censorship_and_ties" time="0.102" /><testcase classname="lifelines.tests.test_estimation.TestCoxPHFitter" name="test_schoenfeld_residuals_with_weights" time="0.086" /><testcase classname="lifelines.tests.test_estimation.TestCoxPHFitter" name="test_schoenfeld_residuals_with_strata" time="0.157" /><testcase classname="lifelines.tests.test_estimation.TestCoxPHFitter" name="test_schoenfeld_residuals_with_first_subjects_censored" time="0.182" /><testcase classname="lifelines.tests.test_estimation.TestCoxPHFitter" name="test_scaled_schoenfeld_residuals_against_R" time="0.157" /><testcase classname="lifelines.tests.test_estimation.TestCoxPHFitter" name="test_scaled_schoenfeld_residuals_against_R_with_weights" time="0.114" /><testcase classname="lifelines.tests.test_estimation.TestCoxPHFitter" name="test_original_index_is_respected_in_all_residual_tests" time="0.125" /><testcase classname="lifelines.tests.test_estimation.TestCoxPHFitter" name="test_original_index_is_respected_in_all_residual_tests_with_strata" time="0.217" /><testcase classname="lifelines.tests.test_estimation.TestCoxPHFitter" name="test_martingale_residuals" time="0.133" /><testcase classname="lifelines.tests.test_estimation.TestCoxPHFitter" name="test_strata_will_work_with_matched_pairs" time="10.952" /><testcase classname="lifelines.tests.test_estimation.TestCoxPHFitter" name="test_print_summary_with_decimals" time="0.336" /><testcase classname="lifelines.tests.test_estimation.TestCoxPHFitter" name="test_print_summary" time="0.187" /><testcase classname="lifelines.tests.test_estimation.TestCoxPHFitter" name="test_print_summary_with_styles" time="0.265" /><testcase classname="lifelines.tests.test_estimation.TestCoxPHFitter" name="test_log_likelihood" time="0.055" /><testcase classname="lifelines.tests.test_estimation.TestCoxPHFitter" name="test_fit_method" time="0.068" /><testcase classname="lifelines.tests.test_estimation.TestCoxPHFitter" name="test_using_dataframes_vs_numpy_arrays" time="0.136" /><testcase classname="lifelines.tests.test_estimation.TestCoxPHFitter" name="test_prediction_methods_will_accept_a_times_arg_to_reindex_the_predictions" time="0.159" /><testcase classname="lifelines.tests.test_estimation.TestCoxPHFitter" name="test_data_normalization" time="0.160" /><testcase classname="lifelines.tests.test_estimation.TestCoxPHFitter" name="test_cox_ph_prediction_with_series" time="0.143" /><testcase classname="lifelines.tests.test_estimation.TestCoxPHFitter" name="test_cox_ph_prediction_with_series_of_longer_length" time="0.120"><skipped type="pytest.xfail" message="" /></testcase><testcase classname="lifelines.tests.test_estimation.TestCoxPHFitter" name="test_cox_ph_prediction_monotonicity" time="0.212" /><testcase classname="lifelines.tests.test_estimation.TestCoxPHFitter" name="test_crossval_for_cox_ph_with_normalizing_times" time="0.647" /><testcase classname="lifelines.tests.test_estimation.TestCoxPHFitter" name="test_crossval_for_cox_ph" time="0.634" /><testcase classname="lifelines.tests.test_estimation.TestCoxPHFitter" name="test_crossval_for_cox_ph_normalized" time="0.648" /><testcase classname="lifelines.tests.test_estimation.TestCoxPHFitter" name="test_coef_output_against_R_super_accurate" time="0.240" /><testcase classname="lifelines.tests.test_estimation.TestCoxPHFitter" name="test_coef_output_against_R_with_strata_super_accurate" time="0.196" /><testcase classname="lifelines.tests.test_estimation.TestCoxPHFitter" name="test_coef_output_against_R_using_non_trivial_but_integer_weights" time="0.145" /><testcase classname="lifelines.tests.test_estimation.TestCoxPHFitter" name="test_robust_errors_with_trivial_weights_is_the_same_than_R" time="0.094" /><testcase classname="lifelines.tests.test_estimation.TestCoxPHFitter" name="test_delta_betas_are_the_same_as_in_R" time="0.081" /><testcase classname="lifelines.tests.test_estimation.TestCoxPHFitter" name="test_delta_betas_with_strata_are_the_same_as_in_R" time="0.132" /><testcase classname="lifelines.tests.test_estimation.TestCoxPHFitter" name="test_delta_betas_with_weights_are_the_same_as_in_R" time="0.073" /><testcase classname="lifelines.tests.test_estimation.TestCoxPHFitter" name="test_cluster_option" time="0.098" /><testcase classname="lifelines.tests.test_estimation.TestCoxPHFitter" name="test_cluster_option_with_strata" time="0.151" /><testcase classname="lifelines.tests.test_estimation.TestCoxPHFitter" name="test_robust_errors_with_less_trivial_weights_is_the_same_as_R" time="0.097" /><testcase classname="lifelines.tests.test_estimation.TestCoxPHFitter" name="test_robust_errors_with_non_trivial_weights_is_the_same_as_R" time="0.097" /><testcase classname="lifelines.tests.test_estimation.TestCoxPHFitter" name="test_robust_errors_with_non_trivial_weights_with_censorship_is_the_same_as_R" time="0.102" /><testcase classname="lifelines.tests.test_estimation.TestCoxPHFitter" name="test_robust_errors_is_the_same_as_R" time="0.090" /><testcase classname="lifelines.tests.test_estimation.TestCoxPHFitter" name="test_compute_likelihood_ratio_test_is_different_if_weights_are_provided" time="0.235" /><testcase classname="lifelines.tests.test_estimation.TestCoxPHFitter" name="test_log_likelihood_test_against_R_with_weights" time="0.093" /><testcase classname="lifelines.tests.test_estimation.TestCoxPHFitter" name="test_trivial_float_weights_with_no_ties_is_the_same_as_R" time="0.138" /><testcase classname="lifelines.tests.test_estimation.TestCoxPHFitter" name="test_less_trivial_float_weights_with_no_ties_is_the_same_as_R" time="0.119" /><testcase classname="lifelines.tests.test_estimation.TestCoxPHFitter" name="test_non_trivial_float_weights_with_no_ties_is_the_same_as_R" time="0.156" /><testcase classname="lifelines.tests.test_estimation.TestCoxPHFitter" name="test_summary_output_using_non_trivial_but_integer_weights" time="0.303" /><testcase classname="lifelines.tests.test_estimation.TestCoxPHFitter" name="test_doubling_the_weights_halves_the_variance" time="0.262" /><testcase classname="lifelines.tests.test_estimation.TestCoxPHFitter" name="test_adding_non_integer_weights_is_fine_if_robust_is_on" time="0.169" /><testcase classname="lifelines.tests.test_estimation.TestCoxPHFitter" name="test_standard_error_coef_output_against_R" time="0.159" /><testcase classname="lifelines.tests.test_estimation.TestCoxPHFitter" name="test_z_value_output_against_R_to_3_decimal_places" time="0.154" /><testcase classname="lifelines.tests.test_estimation.TestCoxPHFitter" name="test_log_likelihood_test_against_R" time="0.151" /><testcase classname="lifelines.tests.test_estimation.TestCoxPHFitter" name="test_output_with_strata_against_R" time="2.541" /><testcase classname="lifelines.tests.test_estimation.TestCoxPHFitter" name="test_penalized_output_against_R" time="0.180" /><testcase classname="lifelines.tests.test_estimation.TestCoxPHFitter" name="test_coef_output_against_Survival_Analysis_by_John_Klein_and_Melvin_Moeschberger" time="0.216" /><testcase classname="lifelines.tests.test_estimation.TestCoxPHFitter" name="test_se_against_Survival_Analysis_by_John_Klein_and_Melvin_Moeschberger" time="0.111" /><testcase classname="lifelines.tests.test_estimation.TestCoxPHFitter" name="test_p_value_against_Survival_Analysis_by_John_Klein_and_Melvin_Moeschberger" time="0.089" /><testcase classname="lifelines.tests.test_estimation.TestCoxPHFitter" name="test_input_column_order_is_equal_to_output_hazards_order" time="0.094" /><testcase classname="lifelines.tests.test_estimation.TestCoxPHFitter" name="test_strata_removes_variable_from_summary_output" time="0.232" /><testcase classname="lifelines.tests.test_estimation.TestCoxPHFitter" name="test_strata_works_if_only_a_single_element_is_in_the_strata" time="0.149" /><testcase classname="lifelines.tests.test_estimation.TestCoxPHFitter" name="test_coxph_throws_a_explainable_error_when_predict_sees_a_strata_it_hasnt_seen" time="0.220" /><testcase classname="lifelines.tests.test_estimation.TestCoxPHFitter" name="test_strata_against_R_output" time="2.312" /><testcase classname="lifelines.tests.test_estimation.TestCoxPHFitter" name="test_baseline_hazard_works_with_strata_against_R_output" time="2.294" /><testcase classname="lifelines.tests.test_estimation.TestCoxPHFitter" name="test_baseline_hazard_works_with_weights_against_R_output" time="0.127" /><testcase classname="lifelines.tests.test_estimation.TestCoxPHFitter" name="test_strata_from_init_is_used_in_fit_later" time="2.194" /><testcase classname="lifelines.tests.test_estimation.TestCoxPHFitter" name="test_baseline_survival_is_the_same_indp_of_location" time="0.216" /><testcase classname="lifelines.tests.test_estimation.TestCoxPHFitter" name="test_baseline_cumulative_hazard_is_the_same_indp_of_location" time="0.218" /><testcase classname="lifelines.tests.test_estimation.TestCoxPHFitter" name="test_survival_prediction_is_the_same_indp_of_location" time="0.238" /><testcase classname="lifelines.tests.test_estimation.TestCoxPHFitter" name="test_baseline_survival_is_the_same_indp_of_scale" time="0.224" /><testcase classname="lifelines.tests.test_estimation.TestCoxPHFitter" name="test_error_thrown_weights_are_nonpositive" time="0.021" /><testcase classname="lifelines.tests.test_estimation.TestCoxPHFitter" name="test_survival_prediction_is_the_same_indp_of_scale" time="0.236" /><testcase classname="lifelines.tests.test_estimation.TestCoxPHFitter" name="test_warning_is_raised_if_df_has_a_near_constant_column" time="0.092" /><testcase classname="lifelines.tests.test_estimation.TestCoxPHFitter" name="test_warning_is_raised_if_df_has_a_near_constant_column_in_one_separation" time="0.274" /><testcase classname="lifelines.tests.test_estimation.TestCoxPHFitter" name="test_warning_is_raised_if_complete_separation_is_present" time="0.299" /><testcase classname="lifelines.tests.test_estimation.TestCoxPHFitter" name="test_what_happens_when_column_is_constant_for_all_non_deaths" time="0.312" /><testcase classname="lifelines.tests.test_estimation.TestCoxPHFitter" name="test_what_happens_with_colinear_inputs" time="0.099" /><testcase classname="lifelines.tests.test_estimation.TestCoxPHFitter" name="test_durations_of_zero_are_okay" time="0.144" /><testcase classname="lifelines.tests.test_estimation.TestCoxPHFitter" name="test_all_okay_with_non_trivial_index_in_dataframe" time="0.293" /><testcase classname="lifelines.tests.test_estimation.TestCoxPHFitter" name="test_robust_errors_against_R_no_ties" time="0.133" /><testcase classname="lifelines.tests.test_estimation.TestCoxPHFitter" name="test_robust_errors_with_strata_against_R" time="0.153" /><testcase classname="lifelines.tests.test_estimation.TestCoxPHFitter" name="test_robust_errors_with_strata_against_R_super_accurate" time="0.159"><skipped type="pytest.xfail" message="" /></testcase><testcase classname="lifelines.tests.test_estimation.TestCoxPHFitter" name="test_what_happens_to_nans" time="0.029" /><testcase classname="lifelines.tests.test_estimation.TestCoxPHFitter" name="test_check_assumptions_fails_for_nonunique_index" time="0.141" /><testcase classname="lifelines.tests.test_estimation.TestAalenAdditiveFitter" name="test_can_accept_formula2" time="0.137" /><testcase classname="lifelines.tests.test_estimation.TestAalenAdditiveFitter" name="test_can_accept_formula" time="0.129" /><testcase classname="lifelines.tests.test_estimation.TestAalenAdditiveFitter" name="test_slope_tests_against_R" time="0.111" /><testcase classname="lifelines.tests.test_estimation.TestAalenAdditiveFitter" name="test_penalizer_reduces_norm_of_hazards" time="0.098" /><testcase classname="lifelines.tests.test_estimation.TestAalenAdditiveFitter" name="test_input_column_order_is_equal_to_output_hazards_order" time="0.090" /><testcase classname="lifelines.tests.test_estimation.TestAalenAdditiveFitter" name="test_swapping_order_of_columns_in_a_df_is_okay" time="0.542" /><testcase classname="lifelines.tests.test_estimation.TestAalenAdditiveFitter" name="test_large_dimensions_for_recursion_error" time="0.267" /><testcase classname="lifelines.tests.test_estimation.TestAalenAdditiveFitter" name="test_aalen_additive_median_predictions_split_data" time="1.402" /><testcase classname="lifelines.tests.test_estimation.TestAalenAdditiveFitter" name="test_dataframe_input_with_nonstandard_index" time="0.036" /><testcase classname="lifelines.tests.test_estimation.TestAalenAdditiveFitter" name="test_crossval_for_aalen_add_concordance_index" time="8.690" /><testcase classname="lifelines.tests.test_estimation.TestAalenAdditiveFitter" name="test_crossval_for_aalen_add" time="0.065"><skipped type="pytest.xfail" message="" /></testcase><testcase classname="lifelines.tests.test_estimation.TestAalenAdditiveFitter" name="test_predict_cumulative_hazard_inputs" time="0.089" /><testcase classname="lifelines.tests.test_estimation.TestAalenAdditiveFitter" name="test_aalen_additive_fitter_versus_R" time="0.059" /><testcase classname="lifelines.tests.test_estimation.TestAalenAdditiveFitter" name="test_aalen_additive_fitter_versus_R_with_weights" time="0.089" /><testcase classname="lifelines.tests.test_estimation.TestAalenAdditiveFitter" name="test_cumulative_hazards_versus_R" time="0.095" /><testcase classname="lifelines.tests.test_estimation.TestCoxTimeVaryingFitter" name="test_penalizer_can_be_an_array" time="0.287" /><testcase classname="lifelines.tests.test_estimation.TestCoxTimeVaryingFitter" name="test_penalizer_can_be_an_array_and_check_it_behaves_as_expected" time="0.158" /><testcase classname="lifelines.tests.test_estimation.TestCoxTimeVaryingFitter" name="test_model_can_accept_null_covariates" time="0.039" /><testcase classname="lifelines.tests.test_estimation.TestCoxTimeVaryingFitter" name="test_inference_against_known_R_output" time="0.088" /><testcase classname="lifelines.tests.test_estimation.TestCoxTimeVaryingFitter" name="test_that_id_col_is_optional" time="0.120" /><testcase classname="lifelines.tests.test_estimation.TestCoxTimeVaryingFitter" name="test_what_happens_to_nans" time="0.018" /><testcase classname="lifelines.tests.test_estimation.TestCoxTimeVaryingFitter" name="test_inference_against_known_R_output_with_weights" time="0.086" /><testcase classname="lifelines.tests.test_estimation.TestCoxTimeVaryingFitter" name="test_fitter_will_raise_an_error_if_immediate_death_present" time="0.031" /><testcase classname="lifelines.tests.test_estimation.TestCoxTimeVaryingFitter" name="test_fitter_will_raise_a_warning_if_instaneous_observation_present" time="0.080" /><testcase classname="lifelines.tests.test_estimation.TestCoxTimeVaryingFitter" name="test_fitter_will_error_if_degenerate_time" time="0.065" /><testcase classname="lifelines.tests.test_estimation.TestCoxTimeVaryingFitter" name="test_ctv_fitter_will_handle_trivial_weight_col" time="0.111" /><testcase classname="lifelines.tests.test_estimation.TestCoxTimeVaryingFitter" name="test_doubling_the_weights_halves_the_variance" time="0.244" /><testcase classname="lifelines.tests.test_estimation.TestCoxTimeVaryingFitter" name="test_ctv_fitter_will_give_the_same_results_as_static_cox_model" time="0.382" /><testcase classname="lifelines.tests.test_estimation.TestCoxTimeVaryingFitter" name="test_ctv_fitter_will_handle_integer_weight_as_static_model" time="0.234" /><testcase classname="lifelines.tests.test_estimation.TestCoxTimeVaryingFitter" name="test_fitter_accept_boolean_columns" time="0.048" /><testcase classname="lifelines.tests.test_estimation.TestCoxTimeVaryingFitter" name="test_warning_is_raised_if_df_has_a_near_constant_column" time="0.034" /><testcase classname="lifelines.tests.test_estimation.TestCoxTimeVaryingFitter" name="test_warning_is_raised_if_df_has_a_near_constant_column_in_one_separation" time="0.086" /><testcase classname="lifelines.tests.test_estimation.TestCoxTimeVaryingFitter" name="test_warning_is_raised_if_df_has_start_eq_stop_at_event_time" time="0.032" /><testcase classname="lifelines.tests.test_estimation.TestCoxTimeVaryingFitter" name="test_summary_output_versus_Rs_against_standford_heart_transplant" time="0.178" /><testcase classname="lifelines.tests.test_estimation.TestCoxTimeVaryingFitter" name="test_non_numeric_data_is_okay_with_formulas" time="0.477" /><testcase classname="lifelines.tests.test_estimation.TestCoxTimeVaryingFitter" name="test_ctv_prediction_methods" time="0.148" /><testcase classname="lifelines.tests.test_estimation.TestCoxTimeVaryingFitter" name="test_ctv_baseline_cumulative_hazard_against_R" time="0.137" /><testcase classname="lifelines.tests.test_estimation.TestCoxTimeVaryingFitter" name="test_repr_with_fitter" time="0.126" /><testcase classname="lifelines.tests.test_estimation.TestCoxTimeVaryingFitter" name="test_all_okay_with_non_trivial_index_in_dataframe" time="0.266" /><testcase classname="lifelines.tests.test_estimation.TestCoxTimeVaryingFitter" name="test_penalizer" time="0.147" /><testcase classname="lifelines.tests.test_estimation.TestCoxTimeVaryingFitter" name="test_likelihood_ratio_test_against_R" time="0.128" /><testcase classname="lifelines.tests.test_estimation.TestCoxTimeVaryingFitter" name="test_error_thrown_weights_are_nonpositive" time="0.011" /><testcase classname="lifelines.tests.test_estimation.TestCoxTimeVaryingFitter" name="test_error_thrown_if_column_doesnt_exist" time="0.018" /><testcase classname="lifelines.tests.test_estimation.TestCoxTimeVaryingFitter" name="test_print_summary" time="0.270" /><testcase classname="lifelines.tests.test_estimation.TestCoxTimeVaryingFitter" name="test_ctv_against_cph_for_static_datasets_but_one_is_long" time="0.436" /><testcase classname="lifelines.tests.test_estimation.TestCoxTimeVaryingFitter" name="test_ctv_with_strata_against_R" time="0.168" /><testcase classname="lifelines.tests.test_estimation.TestCoxTimeVaryingFitter" name="test_ctv_with_multiple_strata" time="0.224" /><testcase classname="lifelines.tests.test_estimation.TestCoxTimeVaryingFitter" name="test_ctv_ratio_test_with_strata" time="0.162" /><testcase classname="lifelines.tests.test_estimation.TestCoxTimeVaryingFitter" name="test_ctv_ratio_test_with_strata_and_initial_point" time="0.214" /><testcase classname="lifelines.tests.test_estimation.TestCoxTimeVaryingFitter" name="test_fitter_is_okay_with_trivial_df" time="0.029" /><testcase classname="lifelines.tests.test_estimation.TestAalenJohansenFitter" name="test_jitter" time="0.015" /><testcase classname="lifelines.tests.test_estimation.TestAalenJohansenFitter" name="test_tied_input_data" time="0.088" /><testcase classname="lifelines.tests.test_estimation.TestAalenJohansenFitter" name="test_updated_input_ties" time="0.080" /><testcase classname="lifelines.tests.test_estimation.TestAalenJohansenFitter" name="test_updated_censor_ties" time="0.066" /><testcase classname="lifelines.tests.test_estimation.TestAalenJohansenFitter" name="test_event_table_is_correct" time="0.080" /><testcase classname="lifelines.tests.test_estimation.TestAalenJohansenFitter" name="test_aj_less_than_km" time="0.198" /><testcase classname="lifelines.tests.test_estimation.TestAalenJohansenFitter" name="test_no_competing_risk" time="0.188" /><testcase classname="lifelines.tests.test_estimation.TestAalenJohansenFitter" name="test_variance_calculation_against_sas" time="0.086" /><testcase classname="lifelines.tests.test_estimation.TestAalenJohansenFitter" name="test_ci_calculation_against_sas" time="0.071" /><testcase classname="lifelines.tests.test_estimation.TestMixtureCureFitter" name="test_exponential_data_produces_correct_inference_for_both_cure_and_non_cure_fractions" time="22.900" /><testcase classname="lifelines.tests.test_estimation.TestMixtureCureFitter" name="test_should_raise_exception_if_cure_parameter_is_already_in_list_of_parameter_names" time="0.006" /><testcase classname="lifelines.tests.test_estimation.TestMixtureCureFitter" name="test_should_get_same_values_as_custom_weibull_on_kidney_transplant_data_set" time="5.465" /><testcase classname="lifelines.tests.test_generate_datasets" name="test_exponential_data_sets_correct_censor" time="0.006" /><testcase classname="lifelines.tests.test_generate_datasets" name="test_exponential_data_sets_fit" time="0.001"><skipped type="pytest.skip" message="requires display">C:\Users\Carvalho\Dev\manutecao-lifelines\lifelines\lifelines\tests\test_generate_datasets.py:18: requires display</skipped></testcase><testcase classname="lifelines.tests.test_generate_datasets" name="test_kmf_minimum_observation_bias" time="0.001"><skipped type="pytest.skip" message="requires display">C:\Users\Carvalho\Dev\manutecao-lifelines\lifelines\lifelines\tests\test_generate_datasets.py:27: requires display</skipped></testcase><testcase classname="lifelines.tests.test_npmle" name="test_is_subset" time="0.004" /><testcase classname="lifelines.tests.test_npmle" name="test_create_turnbull_intervals" time="0.003" /><testcase classname="lifelines.tests.test_npmle" name="test_npmle" time="0.021" /><testcase classname="lifelines.tests.test_npmle" name="test_npmle_with_weights_is_identical_if_uniform_weights" time="0.016" /><testcase classname="lifelines.tests.test_npmle" name="test_npmle_with_weights" time="0.023" /><testcase classname="lifelines.tests.test_npmle" name="test_sf_doesnt_return_nans" time="0.027" /><testcase classname="lifelines.tests.test_npmle" name="test_mice_and_optimization_flag" time="1.667" /><testcase classname="lifelines.tests.test_npmle" name="test_mice_scipy" time="7.121"><skipped type="pytest.xfail" message="" /></testcase><testcase classname="lifelines.tests.test_npmle" name="test_max_lower_bound_less_than_min_upper_bound" time="0.030" /><testcase classname="lifelines.tests.test_plotting" name="test_add_at_risk_counts_is_numpy_scalar_compatible" time="0.383" /><testcase classname="lifelines.tests.test_plotting.TestPlotting" name="test_parametric_univariate_fitters_has_hazard_plotting_methods" time="0.001"><skipped type="pytest.skip" message="requires display">C:\Users\Carvalho\Dev\manutecao-lifelines\lifelines\lifelines\tests\test_plotting.py:76: requires display</skipped></testcase><testcase classname="lifelines.tests.test_plotting.TestPlotting" name="test_parametric_univaraite_fitters_has_cumhazard_plotting_methods" time="0.002"><skipped type="pytest.skip" message="requires display">C:\Users\Carvalho\Dev\manutecao-lifelines\lifelines\lifelines\tests\test_plotting.py:84: requires display</skipped></testcase><testcase classname="lifelines.tests.test_plotting.TestPlotting" name="test_parametric_univariate_fitters_has_survival_plotting_methods" time="0.002"><skipped type="pytest.skip" message="requires display">C:\Users\Carvalho\Dev\manutecao-lifelines\lifelines\lifelines\tests\test_plotting.py:93: requires display</skipped></testcase><testcase classname="lifelines.tests.test_plotting.TestPlotting" name="test_negative_times_still_plots" time="0.002"><skipped type="pytest.skip" message="requires display">C:\Users\Carvalho\Dev\manutecao-lifelines\lifelines\lifelines\tests\test_plotting.py:102: requires display</skipped></testcase><testcase classname="lifelines.tests.test_plotting.TestPlotting" name="test_kmf_plotting" time="0.001"><skipped type="pytest.skip" message="requires display">C:\Users\Carvalho\Dev\manutecao-lifelines\lifelines\lifelines\tests\test_plotting.py:112: requires display</skipped></testcase><testcase classname="lifelines.tests.test_plotting.TestPlotting" name="test_kmf_with_risk_counts" time="0.001"><skipped type="pytest.skip" message="requires display">C:\Users\Carvalho\Dev\manutecao-lifelines\lifelines\lifelines\tests\test_plotting.py:126: requires display</skipped></testcase><testcase classname="lifelines.tests.test_plotting.TestPlotting" name="test_kmf_add_at_risk_counts_with_subplot" time="0.001"><skipped type="pytest.skip" message="requires display">C:\Users\Carvalho\Dev\manutecao-lifelines\lifelines\lifelines\tests\test_plotting.py:133: requires display</skipped></testcase><testcase classname="lifelines.tests.test_plotting.TestPlotting" name="test_kmf_add_at_risk_counts_with_specific_rows" time="0.002"><skipped type="pytest.skip" message="requires display">C:\Users\Carvalho\Dev\manutecao-lifelines\lifelines\lifelines\tests\test_plotting.py:147: requires display</skipped></testcase><testcase classname="lifelines.tests.test_plotting.TestPlotting" name="test_kmf_add_at_risk_counts_with_single_row_multi_groups" time="0.001"><skipped type="pytest.skip" message="requires display">C:\Users\Carvalho\Dev\manutecao-lifelines\lifelines\lifelines\tests\test_plotting.py:160: requires display</skipped></testcase><testcase classname="lifelines.tests.test_plotting.TestPlotting" name="test_kmf_add_at_risk_counts_with_custom_subplot" time="0.001"><skipped type="pytest.skip" message="requires display">C:\Users\Carvalho\Dev\manutecao-lifelines\lifelines\lifelines\tests\test_plotting.py:185: requires display</skipped></testcase><testcase classname="lifelines.tests.test_plotting.TestPlotting" name="test_naf_plotting_with_custom_colours" time="0.002"><skipped type="pytest.skip" message="requires display">C:\Users\Carvalho\Dev\manutecao-lifelines\lifelines\lifelines\tests\test_plotting.py:215: requires display</skipped></testcase><testcase classname="lifelines.tests.test_plotting.TestPlotting" name="test_ajf_plotting" time="0.002"><skipped type="pytest.skip" message="requires display">C:\Users\Carvalho\Dev\manutecao-lifelines\lifelines\lifelines\tests\test_plotting.py:227: requires display</skipped></testcase><testcase classname="lifelines.tests.test_plotting.TestPlotting" name="test_ajf_plotting_no_confidence_intervals" time="0.002"><skipped type="pytest.skip" message="requires display">C:\Users\Carvalho\Dev\manutecao-lifelines\lifelines\lifelines\tests\test_plotting.py:236: requires display</skipped></testcase><testcase classname="lifelines.tests.test_plotting.TestPlotting" name="test_ajf_plotting_with_add_count_at_risk" time="0.002"><skipped type="pytest.skip" message="requires display">C:\Users\Carvalho\Dev\manutecao-lifelines\lifelines\lifelines\tests\test_plotting.py:245: requires display</skipped></testcase><testcase classname="lifelines.tests.test_plotting.TestPlotting" name="test_aalen_additive_plot" time="0.002"><skipped type="pytest.skip" message="requires display">C:\Users\Carvalho\Dev\manutecao-lifelines\lifelines\lifelines\tests\test_plotting.py:254: requires display</skipped></testcase><testcase classname="lifelines.tests.test_plotting.TestPlotting" name="test_kmf_with_interval_censoring_plotting" time="0.002"><skipped type="pytest.skip" message="requires display">C:\Users\Carvalho\Dev\manutecao-lifelines\lifelines\lifelines\tests\test_plotting.py:277: requires display</skipped></testcase><testcase classname="lifelines.tests.test_plotting.TestPlotting" name="test_aalen_additive_smoothed_plot" time="0.002"><skipped type="pytest.skip" message="requires display">C:\Users\Carvalho\Dev\manutecao-lifelines\lifelines\lifelines\tests\test_plotting.py:285: requires display</skipped></testcase><testcase classname="lifelines.tests.test_plotting.TestPlotting" name="test_naf_plotting_slice" time="0.001"><skipped type="pytest.skip" message="requires display">C:\Users\Carvalho\Dev\manutecao-lifelines\lifelines\lifelines\tests\test_plotting.py:306: requires display</skipped></testcase><testcase classname="lifelines.tests.test_plotting.TestPlotting" name="test_plot_lifetimes_calendar" time="0.001"><skipped type="pytest.skip" message="requires display">C:\Users\Carvalho\Dev\manutecao-lifelines\lifelines\lifelines\tests\test_plotting.py:318: requires display</skipped></testcase><testcase classname="lifelines.tests.test_plotting.TestPlotting" name="test_plot_lifetimes_left_truncation" time="0.003"><skipped type="pytest.skip" message="requires display">C:\Users\Carvalho\Dev\manutecao-lifelines\lifelines\lifelines\tests\test_plotting.py:327: requires display</skipped></testcase><testcase classname="lifelines.tests.test_plotting.TestPlotting" name="test_MACS_data_with_plot_lifetimes" time="0.002"><skipped type="pytest.skip" message="requires display">C:\Users\Carvalho\Dev\manutecao-lifelines\lifelines\lifelines\tests\test_plotting.py:338: requires display</skipped></testcase><testcase classname="lifelines.tests.test_plotting.TestPlotting" name="test_plot_lifetimes_relative" time="0.002"><skipped type="pytest.skip" message="requires display">C:\Users\Carvalho\Dev\manutecao-lifelines\lifelines\lifelines\tests\test_plotting.py:354: requires display</skipped></testcase><testcase classname="lifelines.tests.test_plotting.TestPlotting" name="test_naf_plot_cumulative_hazard" time="0.001"><skipped type="pytest.skip" message="requires display">C:\Users\Carvalho\Dev\manutecao-lifelines\lifelines\lifelines\tests\test_plotting.py:361: requires display</skipped></testcase><testcase classname="lifelines.tests.test_plotting.TestPlotting" name="test_naf_plot_cumulative_hazard_bandwidth_2" time="0.002"><skipped type="pytest.skip" message="requires display">C:\Users\Carvalho\Dev\manutecao-lifelines\lifelines\lifelines\tests\test_plotting.py:371: requires display</skipped></testcase><testcase classname="lifelines.tests.test_plotting.TestPlotting" name="test_naf_plot_cumulative_hazard_bandwidth_1" time="0.001"><skipped type="pytest.skip" message="requires display">C:\Users\Carvalho\Dev\manutecao-lifelines\lifelines\lifelines\tests\test_plotting.py:380: requires display</skipped></testcase><testcase classname="lifelines.tests.test_plotting.TestPlotting" name="test_breslow_fleming_harrington_plotting" time="0.003"><skipped type="pytest.skip" message="requires display">C:\Users\Carvalho\Dev\manutecao-lifelines\lifelines\lifelines\tests\test_plotting.py:389: requires display</skipped></testcase><testcase classname="lifelines.tests.test_plotting.TestPlotting" name="test_weibull_plotting" time="0.002"><skipped type="pytest.skip" message="requires display">C:\Users\Carvalho\Dev\manutecao-lifelines\lifelines\lifelines\tests\test_plotting.py:397: requires display</skipped></testcase><testcase classname="lifelines.tests.test_plotting.TestPlotting" name="test_parametric_plotting_with_show_censors" time="0.003"><skipped type="pytest.skip" message="requires display">C:\Users\Carvalho\Dev\manutecao-lifelines\lifelines\lifelines\tests\test_plotting.py:409: requires display</skipped></testcase><testcase classname="lifelines.tests.test_plotting.TestPlotting" name="test_label_can_be_changed_on_univariate_fitters" time="0.001"><skipped type="pytest.skip" message="requires display">C:\Users\Carvalho\Dev\manutecao-lifelines\lifelines\lifelines\tests\test_plotting.py:435: requires display</skipped></testcase><testcase classname="lifelines.tests.test_plotting.TestPlotting" name="test_show_censor_with_discrete_date" time="0.001"><skipped type="pytest.skip" message="requires display">C:\Users\Carvalho\Dev\manutecao-lifelines\lifelines\lifelines\tests\test_plotting.py:445: requires display</skipped></testcase><testcase classname="lifelines.tests.test_plotting.TestPlotting" name="test_show_censor_with_index_0" time="0.001"><skipped type="pytest.skip" message="requires display">C:\Users\Carvalho\Dev\manutecao-lifelines\lifelines\lifelines\tests\test_plotting.py:453: requires display</skipped></testcase><testcase classname="lifelines.tests.test_plotting.TestPlotting" name="test_flat_style_with_custom_censor_styles" time="0.002"><skipped type="pytest.skip" message="requires display">C:\Users\Carvalho\Dev\manutecao-lifelines\lifelines\lifelines\tests\test_plotting.py:461: requires display</skipped></testcase><testcase classname="lifelines.tests.test_plotting.TestPlotting" name="test_loglogs_plot" time="0.002"><skipped type="pytest.skip" message="requires display">C:\Users\Carvalho\Dev\manutecao-lifelines\lifelines\lifelines\tests\test_plotting.py:470: requires display</skipped></testcase><testcase classname="lifelines.tests.test_plotting.TestPlotting" name="test_seaborn_doesnt_cause_kmf_plot_error" time="0.002"><skipped type="pytest.skip" message="requires display">C:\Users\Carvalho\Dev\manutecao-lifelines\lifelines\lifelines\tests\test_plotting.py:483: requires display</skipped></testcase><testcase classname="lifelines.tests.test_plotting.TestPlotting" name="test_coxph_plotting" time="0.001"><skipped type="pytest.skip" message="requires display">C:\Users\Carvalho\Dev\manutecao-lifelines\lifelines\lifelines\tests\test_plotting.py:500: requires display</skipped></testcase><testcase classname="lifelines.tests.test_plotting.TestPlotting" name="test_coxph_plotting_with_hazards_ratios" time="0.002"><skipped type="pytest.skip" message="requires display">C:\Users\Carvalho\Dev\manutecao-lifelines\lifelines\lifelines\tests\test_plotting.py:508: requires display</skipped></testcase><testcase classname="lifelines.tests.test_plotting.TestPlotting" name="test_coxph_plotting_with_subset_of_columns" time="0.001"><skipped type="pytest.skip" message="requires display">C:\Users\Carvalho\Dev\manutecao-lifelines\lifelines\lifelines\tests\test_plotting.py:516: requires display</skipped></testcase><testcase classname="lifelines.tests.test_plotting.TestPlotting" name="test_coxph_plot_partial_effects_on_outcome" time="0.002"><skipped type="pytest.skip" message="requires display">C:\Users\Carvalho\Dev\manutecao-lifelines\lifelines\lifelines\tests\test_plotting.py:524: requires display</skipped></testcase><testcase classname="lifelines.tests.test_plotting.TestPlotting" name="test_coxph_plot_partial_effects_on_outcome_with_cumulative_hazard" time="0.002"><skipped type="pytest.skip" message="requires display">C:\Users\Carvalho\Dev\manutecao-lifelines\lifelines\lifelines\tests\test_plotting.py:532: requires display</skipped></testcase><testcase classname="lifelines.tests.test_plotting.TestPlotting" name="test_coxph_plot_partial_effects_on_outcome_with_strata" time="0.002"><skipped type="pytest.skip" message="requires display">C:\Users\Carvalho\Dev\manutecao-lifelines\lifelines\lifelines\tests\test_plotting.py:540: requires display</skipped></testcase><testcase classname="lifelines.tests.test_plotting.TestPlotting" name="test_aft_plot_partial_effects_on_outcome_with_categorical" time="0.002"><skipped type="pytest.skip" message="requires display">C:\Users\Carvalho\Dev\manutecao-lifelines\lifelines\lifelines\tests\test_plotting.py:548: requires display</skipped></testcase><testcase classname="lifelines.tests.test_plotting.TestPlotting" name="test_coxph_plot_partial_effects_on_outcome_with_strata_and_complicated_dtypes" time="0.002"><skipped type="pytest.skip" message="requires display">C:\Users\Carvalho\Dev\manutecao-lifelines\lifelines\lifelines\tests\test_plotting.py:557: requires display</skipped></testcase><testcase classname="lifelines.tests.test_plotting.TestPlotting" name="test_spline_coxph_plot_partial_effects_on_outcome_with_strata" time="0.001"><skipped type="pytest.skip" message="requires display">C:\Users\Carvalho\Dev\manutecao-lifelines\lifelines\lifelines\tests\test_plotting.py:582: requires display</skipped></testcase><testcase classname="lifelines.tests.test_plotting.TestPlotting" name="test_coxph_plot_partial_effects_on_outcome_with_single_strata" time="0.002"><skipped type="pytest.skip" message="requires display">C:\Users\Carvalho\Dev\manutecao-lifelines\lifelines\lifelines\tests\test_plotting.py:590: requires display</skipped></testcase><testcase classname="lifelines.tests.test_plotting.TestPlotting" name="test_coxph_plot_partial_effects_on_outcome_with_nonnumeric_strata" time="0.002"><skipped type="pytest.skip" message="requires display">C:\Users\Carvalho\Dev\manutecao-lifelines\lifelines\lifelines\tests\test_plotting.py:598: requires display</skipped></testcase><testcase classname="lifelines.tests.test_plotting.TestPlotting" name="test_coxph_plot_partial_effects_on_outcome_with_multiple_variables" time="0.001"><skipped type="pytest.skip" message="requires display">C:\Users\Carvalho\Dev\manutecao-lifelines\lifelines\lifelines\tests\test_plotting.py:607: requires display</skipped></testcase><testcase classname="lifelines.tests.test_plotting.TestPlotting" name="test_coxph_plot_partial_effects_on_outcome_with_multiple_variables_and_strata" time="0.002"><skipped type="pytest.skip" message="requires display">C:\Users\Carvalho\Dev\manutecao-lifelines\lifelines\lifelines\tests\test_plotting.py:615: requires display</skipped></testcase><testcase classname="lifelines.tests.test_plotting.TestPlotting" name="test_coxtv_plotting_with_subset_of_columns" time="0.002"><skipped type="pytest.skip" message="requires display">C:\Users\Carvalho\Dev\manutecao-lifelines\lifelines\lifelines\tests\test_plotting.py:624: requires display</skipped></testcase><testcase classname="lifelines.tests.test_plotting.TestPlotting" name="test_coxtv_plotting" time="0.002"><skipped type="pytest.skip" message="requires display">C:\Users\Carvalho\Dev\manutecao-lifelines\lifelines\lifelines\tests\test_plotting.py:632: requires display</skipped></testcase><testcase classname="lifelines.tests.test_plotting.TestPlotting" name="test_kmf_left_censorship_plots" time="0.003"><skipped type="pytest.skip" message="requires display">C:\Users\Carvalho\Dev\manutecao-lifelines\lifelines\lifelines\tests\test_plotting.py:640: requires display</skipped></testcase><testcase classname="lifelines.tests.test_plotting.TestPlotting" name="test_aalen_additive_fit_no_censor" time="0.002"><skipped type="pytest.skip" message="requires display">C:\Users\Carvalho\Dev\manutecao-lifelines\lifelines\lifelines\tests\test_plotting.py:654: requires display</skipped></testcase><testcase classname="lifelines.tests.test_plotting.TestPlotting" name="test_aalen_additive_fit_with_censor" time="0.002"><skipped type="pytest.skip" message="requires display">C:\Users\Carvalho\Dev\manutecao-lifelines\lifelines\lifelines\tests\test_plotting.py:677: requires display</skipped></testcase><testcase classname="lifelines.tests.test_plotting.TestPlotting" name="test_weibull_aft_plotting" time="0.001"><skipped type="pytest.skip" message="requires display">C:\Users\Carvalho\Dev\manutecao-lifelines\lifelines\lifelines\tests\test_plotting.py:701: requires display</skipped></testcase><testcase classname="lifelines.tests.test_plotting.TestPlotting" name="test_weibull_aft_plotting_with_subset_of_columns" time="0.002"><skipped type="pytest.skip" message="requires display">C:\Users\Carvalho\Dev\manutecao-lifelines\lifelines\lifelines\tests\test_plotting.py:710: requires display</skipped></testcase><testcase classname="lifelines.tests.test_plotting.TestPlotting" name="test_weibull_aft_plot_partial_effects_on_outcome" time="0.002"><skipped type="pytest.skip" message="requires display">C:\Users\Carvalho\Dev\manutecao-lifelines\lifelines\lifelines\tests\test_plotting.py:719: requires display</skipped></testcase><testcase classname="lifelines.tests.test_plotting.TestPlotting" name="test_weibull_aft_plot_partial_effects_on_outcome_with_multiple_columns" time="0.001"><skipped type="pytest.skip" message="requires display">C:\Users\Carvalho\Dev\manutecao-lifelines\lifelines\lifelines\tests\test_plotting.py:728: requires display</skipped></testcase><testcase classname="lifelines.tests.test_plotting.TestPlotting" name="test_left_censorship_cdf_plots" time="0.002"><skipped type="pytest.skip" message="requires display">C:\Users\Carvalho\Dev\manutecao-lifelines\lifelines\lifelines\tests\test_plotting.py:737: requires display</skipped></testcase><testcase classname="lifelines.tests.test_plotting.TestPlotting" name="test_right_censorship_cdf_plots" time="0.002"><skipped type="pytest.skip" message="requires display">C:\Users\Carvalho\Dev\manutecao-lifelines\lifelines\lifelines\tests\test_plotting.py:748: requires display</skipped></testcase><testcase classname="lifelines.tests.test_plotting.TestPlotting" name="test_qq_plot_left_censoring" time="0.002"><skipped type="pytest.skip" message="requires display">C:\Users\Carvalho\Dev\manutecao-lifelines\lifelines\lifelines\tests\test_plotting.py:759: requires display</skipped></testcase><testcase classname="lifelines.tests.test_plotting.TestPlotting" name="test_qq_plot_left_censoring2" time="0.002"><skipped type="pytest.skip" message="requires display">C:\Users\Carvalho\Dev\manutecao-lifelines\lifelines\lifelines\tests\test_plotting.py:770: requires display</skipped></testcase><testcase classname="lifelines.tests.test_plotting.TestPlotting" name="test_qq_plot_left_censoring_with_known_distribution" time="0.003"><skipped type="pytest.skip" message="requires display">C:\Users\Carvalho\Dev\manutecao-lifelines\lifelines\lifelines\tests\test_plotting.py:781: requires display</skipped></testcase><testcase classname="lifelines.tests.test_plotting.TestPlotting" name="test_qq_plot_with_weights_and_entry" time="0.001"><skipped type="pytest.skip" message="requires display">C:\Users\Carvalho\Dev\manutecao-lifelines\lifelines\lifelines\tests\test_plotting.py:804: requires display</skipped></testcase><testcase classname="lifelines.tests.test_plotting.TestPlotting" name="test_qq_plot_right_censoring_with_known_distribution" time="0.002"><skipped type="pytest.skip" message="requires display">C:\Users\Carvalho\Dev\manutecao-lifelines\lifelines\lifelines\tests\test_plotting.py:816: requires display</skipped></testcase><testcase classname="lifelines.tests.test_plotting.TestPlotting" name="test_rmst_plot_with_single_model" time="0.001"><skipped type="pytest.skip" message="requires display">C:\Users\Carvalho\Dev\manutecao-lifelines\lifelines\lifelines\tests\test_plotting.py:832: requires display</skipped></testcase><testcase classname="lifelines.tests.test_plotting.TestPlotting" name="test_rmst_plot_with_two_model" time="0.001"><skipped type="pytest.skip" message="requires display">C:\Users\Carvalho\Dev\manutecao-lifelines\lifelines\lifelines\tests\test_plotting.py:840: requires display</skipped></testcase><testcase classname="lifelines.tests.test_plotting.TestPlotting" name="test_hide_ci_from_legend" time="0.001"><skipped type="pytest.skip" message="requires display">C:\Users\Carvalho\D
[...]
lifelines\tests\test_plotting.py:850: requires display</skipped></testcase><testcase classname="lifelines.tests.test_plotting.TestPlotting" name="test_logx_plotting" time="0.002"><skipped type="pytest.skip" message="requires display">C:\Users\Carvalho\Dev\manutecao-lifelines\lifelines\lifelines\tests\test_plotting.py:858: requires display</skipped></testcase><testcase classname="lifelines.tests.test_plotting.TestPlotting" name="test_survival_probability_calibration" time="0.002"><skipped type="pytest.skip" message="requires display">C:\Users\Carvalho\Dev\manutecao-lifelines\lifelines\lifelines\tests\test_plotting.py:869: requires display</skipped></testcase><testcase classname="lifelines.tests.test_plotting.TestPlotting" name="test_survival_probability_calibration_on_out_of_sample_data" time="0.002"><skipped type="pytest.skip" message="requires display">C:\Users\Carvalho\Dev\manutecao-lifelines\lifelines\lifelines\tests\test_plotting.py:876: requires display</skipped></testcase><testcase classname="lifelines.tests.test_plotting.TestPlotting" name="test_at_risk_looks_right_when_scales_are_magnitudes_of_order_larger" time="0.002"><skipped type="pytest.skip" message="requires display">C:\Users\Carvalho\Dev\manutecao-lifelines\lifelines\lifelines\tests\test_plotting.py:884: requires display</skipped></testcase><testcase classname="lifelines.tests.test_plotting.TestPlotting" name="test_at_risk_looks_right_when_scales_are_magnitudes_of_order_larger_single_attribute" time="0.001"><skipped type="pytest.skip" message="requires display">C:\Users\Carvalho\Dev\manutecao-lifelines\lifelines\lifelines\tests\test_plotting.py:910: requires display</skipped></testcase><testcase classname="lifelines.tests.test_plotting.TestPlotting" name="test_at_risk_looks_with_start_of_period_counts" time="0.002"><skipped type="pytest.skip" message="requires display">C:\Users\Carvalho\Dev\manutecao-lifelines\lifelines\lifelines\tests\test_plotting.py:936: requires display</skipped></testcase><testcase classname="lifelines.tests.test_plotting.TestPlotting" name="test_at_risk_with_late_entry" time="0.001"><skipped type="pytest.skip" message="requires display">C:\Users\Carvalho\Dev\manutecao-lifelines\lifelines\lifelines\tests\test_plotting.py:954: requires display</skipped></testcase><testcase classname="lifelines.tests.test_statistics" name="test_sample_size_necessary_under_cph" time="0.007" /><testcase classname="lifelines.tests.test_statistics" name="test_power_under_cph" time="0.004" /><testcase classname="lifelines.tests.test_statistics" name="test_unequal_intensity_with_random_data" time="0.068" /><testcase classname="lifelines.tests.test_statistics" name="test_logrank_test_output_against_R_1" time="0.064" /><testcase classname="lifelines.tests.test_statistics" name="test_logrank_test_output_against_R_2" time="0.075" /><testcase classname="lifelines.tests.test_statistics" name="test_logrank_test_with_t_0" time="0.064" /><testcase classname="lifelines.tests.test_statistics" name="test_rank_test_output_against_R_no_censorship" time="0.063" /><testcase classname="lifelines.tests.test_statistics" name="test_load_lymphoma_logrank" time="0.072" /><testcase classname="lifelines.tests.test_statistics" name="test_multivariate_logrank_on_dd_dataset" time="0.156" /><testcase classname="lifelines.tests.test_statistics" name="test_rank_test_output_against_R_with_censorship" time="0.064" /><testcase classname="lifelines.tests.test_statistics" name="test_wilcoxon_weighted_logrank_on_leukemia_dataset" time="0.074" /><testcase classname="lifelines.tests.test_statistics" name="test_tarone_ware_weighted_logrank_on_leukemia_dataset" time="0.073" /><testcase classname="lifelines.tests.test_statistics" name="test_peto_weighted_logrank_on_leukemia_dataset" time="0.067" /><testcase classname="lifelines.tests.test_statistics" name="test_unequal_intensity_event_observed" time="0.063" /><testcase classname="lifelines.tests.test_statistics" name="test_integer_times_logrank_test" time="0.053" /><testcase classname="lifelines.tests.test_statistics" name="test_equal_intensity_with_negative_data" time="0.065" /><testcase classname="lifelines.tests.test_statistics" name="test_unequal_intensity_with_negative_data" time="0.081" /><testcase classname="lifelines.tests.test_statistics" name="test_log_rank_test_on_waltons_dataset" time="0.064" /><testcase classname="lifelines.tests.test_statistics" name="test_log_rank_test_on_waltons_dataset_with_case_weights" time="0.132" /><testcase classname="lifelines.tests.test_statistics" name="test_logrank_test_is_symmetric" time="0.225" /><testcase classname="lifelines.tests.test_statistics" name="test_multivariate_unequal_intensities" time="0.152" /><testcase classname="lifelines.tests.test_statistics" name="test_pairwise_waltons_dataset_is_significantly_different" time="0.100" /><testcase classname="lifelines.tests.test_statistics" name="test_pairwise_allows_dataframes_and_gives_correct_counts" time="0.488" /><testcase classname="lifelines.tests.test_statistics" name="test_log_rank_returns_None_if_equal_arrays" time="0.104" /><testcase classname="lifelines.tests.test_statistics" name="test_multivariate_log_rank_is_identital_to_log_rank_for_n_equals_2" time="0.111" /><testcase classname="lifelines.tests.test_statistics" name="test_StatisticalResult_kwargs" time="0.008" /><testcase classname="lifelines.tests.test_statistics" name="test_StatisticalResult_can_be_added" time="0.010" /><testcase classname="lifelines.tests.test_statistics" name="test_StatisticalResult_can_be_printed" time="0.031" /><testcase classname="lifelines.tests.test_statistics" name="test_proportional_hazard_test" time="0.152" /><testcase classname="lifelines.tests.test_statistics" name="test_proportional_hazard_test_with_log_transform" time="0.155" /><testcase classname="lifelines.tests.test_statistics" name="test_proportional_hazard_test_with_weights" time="0.125" /><testcase classname="lifelines.tests.test_statistics" name="test_proportional_hazard_test_with_strata_weights_and_strata" time="0.184" /><testcase classname="lifelines.tests.test_statistics" name="test_proportional_hazard_test_with_kmf" time="0.073" /><testcase classname="lifelines.tests.test_statistics" name="test_proportional_hazard_test_with_kmf_with_some_censorship" time="0.079" /><testcase classname="lifelines.tests.test_statistics" name="test_proportional_hazard_test_with_kmf_with_some_censorship_and_weights" time="0.076" /><testcase classname="lifelines.tests.test_statistics" name="test_proportional_hazard_test_with_all" time="0.119" /><testcase classname="lifelines.tests.test_statistics" name="test_proportional_hazard_test_with_list" time="0.107" /><testcase classname="lifelines.tests.test_statistics" name="test_survival_difference_at_fixed_point_in_time_test_nonparametric" time="0.077" /><testcase classname="lifelines.tests.test_statistics" name="test_survival_difference_at_fixed_point_in_time_test_parametric" time="0.628" /><testcase classname="lifelines.tests.test_statistics" name="test_survival_difference_at_fixed_point_in_time_test_left_censoring" time="0.073" /><testcase classname="lifelines.tests.test_statistics" name="test_survival_difference_at_fixed_point_in_time_test_interval_censoring" time="0.744" /><testcase classname="lifelines.tests.test_statistics" name="test_statistical_result_has_correct_decimal" time="0.078" /><testcase classname="lifelines.tests.utils.test_btree" name="test_btree" time="0.007" /><testcase classname="lifelines.tests.utils.test_concordance" name="test_concordance_index_returns_same_after_shifting" time="0.005" /><testcase classname="lifelines.tests.utils.test_concordance" name="test_both_concordance_index_function_deal_with_ties_the_same_way" time="0.006" /><testcase classname="lifelines.tests.utils.test_concordance" name="test_both_concordance_index_with_only_censoring_fails_gracefully" time="0.005" /><testcase classname="lifelines.tests.utils.test_concordance" name="test_concordance_index_function_exits" time="0.651" /><testcase classname="lifelines.tests.utils.test_concordance" name="test_concordance_index_will_not_overflow" time="14.025" /><testcase classname="lifelines.tests.utils.test_concordance" name="test_concordance_index_fast_is_same_as_slow" time="0.675" /><testcase classname="lifelines.tests.utils.test_utils" name="test_format_p_values" time="0.003" /><testcase classname="lifelines.tests.utils.test_utils" name="test_ridge_regression_with_penalty_is_less_than_without_penalty" time="0.004" /><testcase classname="lifelines.tests.utils.test_utils" name="test_ridge_regression_with_extreme_c1_penalty_equals_close_to_zero_vector" time="0.004" /><testcase classname="lifelines.tests.utils.test_utils" name="test_ridge_regression_with_extreme_c2_penalty_equals_close_to_offset" time="0.004" /><testcase classname="lifelines.tests.utils.test_utils" name="test_lstsq_returns_similar_values_to_ridge_regression" time="0.005" /><testcase classname="lifelines.tests.utils.test_utils" name="test_lstsq_returns_correct_values" time="0.004" /><testcase classname="lifelines.tests.utils.test_utils" name="test_unnormalize" time="0.015" /><testcase classname="lifelines.tests.utils.test_utils" name="test_normalize" time="0.024" /><testcase classname="lifelines.tests.utils.test_utils" name="test_median" time="0.007" /><testcase classname="lifelines.tests.utils.test_utils" name="test_median_accepts_series" time="0.007" /><testcase classname="lifelines.tests.utils.test_utils" name="test_qth_survival_times_with_varying_datatype_inputs" time="0.022" /><testcase classname="lifelines.tests.utils.test_utils" name="test_qth_survival_times_multi_dim_input" time="0.007" /><testcase classname="lifelines.tests.utils.test_utils" name="test_qth_survival_time_returns_inf" time="0.004" /><testcase classname="lifelines.tests.utils.test_utils" name="test_qth_survival_time_accepts_a_model" time="0.052" /><testcase classname="lifelines.tests.utils.test_utils" name="test_qth_survival_time_with_dataframe" time="0.008" /><testcase classname="lifelines.tests.utils.test_utils" name="test_qth_survival_times_with_multivariate_q" time="0.025" /><testcase classname="lifelines.tests.utils.test_utils" name="test_qth_survival_times_with_duplicate_q_returns_valid_index_and_shape" time="0.015" /><testcase classname="lifelines.tests.utils.test_utils" name="test_datetimes_to_durations_with_different_frequencies" time="0.060" /><testcase classname="lifelines.tests.utils.test_utils" name="test_datetimes_to_durations_will_handle_dates_above_fill_date" time="0.022" /><testcase classname="lifelines.tests.utils.test_utils" name="test_datetimes_to_durations_will_handle_dates_above_multi_fill_date" time="0.026" /><testcase classname="lifelines.tests.utils.test_utils" name="test_datetimes_to_durations_will_handle_dates_above_multi_fill_date2" time="0.020" /><testcase classname="lifelines.tests.utils.test_utils" name="test_datetimes_to_durations_censor" time="0.018" /><testcase classname="lifelines.tests.utils.test_utils" name="test_datetimes_to_durations_custom_censor" time="0.016" /><testcase classname="lifelines.tests.utils.test_utils" name="test_survival_events_from_table_no_ties" time="0.028" /><testcase classname="lifelines.tests.utils.test_utils" name="test_survival_events_from_table_with_ties" time="0.023" /><testcase classname="lifelines.tests.utils.test_utils" name="test_survival_table_from_events_with_non_trivial_censorship_column" time="0.043" /><testcase classname="lifelines.tests.utils.test_utils" name="test_group_survival_table_from_events_on_waltons_data" time="0.049" /><testcase classname="lifelines.tests.utils.test_utils" name="test_group_survival_table_with_weights" time="0.084" /><testcase classname="lifelines.tests.utils.test_utils" name="test_survival_table_from_events_binned_with_empty_bin" time="0.052" /><testcase classname="lifelines.tests.utils.test_utils" name="test_survival_table_from_events_with_future_bins" time="0.047" /><testcase classname="lifelines.tests.utils.test_utils" name="test_survival_table_from_events_at_risk_column" time="0.026" /><testcase classname="lifelines.tests.utils.test_utils" name="test_survival_table_to_events_casts_to_float" time="0.018" /><testcase classname="lifelines.tests.utils.test_utils" name="test_group_survival_table_from_events_works_with_series" time="0.049" /><testcase classname="lifelines.tests.utils.test_utils" name="test_survival_table_from_events_will_collapse_if_asked" time="0.043" /><testcase classname="lifelines.tests.utils.test_utils" name="test_survival_table_from_events_will_collapse_to_desired_bins" time="0.037" /><testcase classname="lifelines.tests.utils.test_utils" name="test_cross_validator_returns_k_results" time="0.849" /><testcase classname="lifelines.tests.utils.test_utils" name="test_cross_validator_returns_fitters_k_results" time="1.665" /><testcase classname="lifelines.tests.utils.test_utils" name="test_cross_validator_with_predictor" time="0.323" /><testcase classname="lifelines.tests.utils.test_utils" name="test_cross_validator_with_stratified_cox_model" time="0.959" /><testcase classname="lifelines.tests.utils.test_utils" name="test_cross_validator_with_specific_loss_function" time="0.531" /><testcase classname="lifelines.tests.utils.test_utils" name="test_concordance_index" time="0.237" /><testcase classname="lifelines.tests.utils.test_utils" name="test_survival_table_from_events_with_non_negative_T_and_no_lagged_births" time="0.017" /><testcase classname="lifelines.tests.utils.test_utils" name="test_survival_table_from_events_with_negative_T_and_no_lagged_births" time="0.018" /><testcase classname="lifelines.tests.utils.test_utils" name="test_survival_table_from_events_with_non_negative_T_and_lagged_births" time="0.024" /><testcase classname="lifelines.tests.utils.test_utils" name="test_survival_table_from_events_with_negative_T_and_lagged_births" time="0.020" /><testcase classname="lifelines.tests.utils.test_utils" name="test_survival_table_from_events_raises_value_error_if_too_early_births" time="0.004" /><testcase classname="lifelines.tests.utils.test_utils.TestLongDataFrameUtils" name="test_order_of_adding_covariates_doesnt_matter" time="0.159" /><testcase classname="lifelines.tests.utils.test_utils.TestLongDataFrameUtils" name="test_order_of_adding_covariates_doesnt_matter_in_cumulative_sum" time="0.164" /><testcase classname="lifelines.tests.utils.test_utils.TestLongDataFrameUtils" name="test_adding_cvs_with_the_same_column_name_will_insert_appropriately" time="0.033" /><testcase classname="lifelines.tests.utils.test_utils.TestLongDataFrameUtils" name="test_adding_cvs_with_the_same_column_name_will_sum_update_appropriately" time="0.049" /><testcase classname="lifelines.tests.utils.test_utils.TestLongDataFrameUtils" name="test_adding_cvs_with_the_same_column_name_will_overwrite_update_appropriately" time="0.041" /><testcase classname="lifelines.tests.utils.test_utils.TestLongDataFrameUtils" name="test_enum_flag" time="0.089" /><testcase classname="lifelines.tests.utils.test_utils.TestLongDataFrameUtils" name="test_event_col_is_properly_inserted" time="0.054" /><testcase classname="lifelines.tests.utils.test_utils.TestLongDataFrameUtils" name="test_redundant_cv_columns_are_dropped" time="0.040" /><testcase classname="lifelines.tests.utils.test_utils.TestLongDataFrameUtils" name="test_will_convert_event_column_to_bools" time="0.050" /><testcase classname="lifelines.tests.utils.test_utils.TestLongDataFrameUtils" name="test_if_cvs_include_a_start_time_after_the_final_time_it_is_excluded" time="0.050" /><testcase classname="lifelines.tests.utils.test_utils.TestLongDataFrameUtils" name="test_if_cvs_include_a_start_time_before_it_is_included" time="0.052" /><testcase classname="lifelines.tests.utils.test_utils.TestLongDataFrameUtils" name="test_cvs_with_null_values_are_dropped" time="0.030" /><testcase classname="lifelines.tests.utils.test_utils.TestLongDataFrameUtils" name="test_a_new_row_is_not_created_if_start_times_are_the_same" time="0.061" /><testcase classname="lifelines.tests.utils.test_utils.TestLongDataFrameUtils" name="test_error_is_raised_if_columns_are_missing_in_seed_df" time="0.008" /><testcase classname="lifelines.tests.utils.test_utils.TestLongDataFrameUtils" name="test_cumulative_sum" time="0.036" /><testcase classname="lifelines.tests.utils.test_utils.TestLongDataFrameUtils" name="test_delay" time="0.040" /><testcase classname="lifelines.tests.utils.test_utils.TestLongDataFrameUtils" name="test_covariates_from_event_matrix_with_simple_addition" time="0.090" /><testcase classname="lifelines.tests.utils.test_utils.TestLongDataFrameUtils" name="test_covariates_from_event_matrix" time="0.168" /><testcase classname="lifelines.tests.utils.test_utils.TestLongDataFrameUtils" name="test_to_episodic_format_with_long_time_gap_is_identical" time="0.222" /><testcase classname="lifelines.tests.utils.test_utils.TestLongDataFrameUtils" name="test_to_episodic_format_preserves_outcome" time="0.044" /><testcase classname="lifelines.tests.utils.test_utils.TestLongDataFrameUtils" name="test_to_episodic_format_handles_floating_durations" time="0.028" /><testcase classname="lifelines.tests.utils.test_utils.TestLongDataFrameUtils" name="test_to_episodic_format_handles_floating_durations_with_time_gaps" time="0.024" /><testcase classname="lifelines.tests.utils.test_utils.TestLongDataFrameUtils" name="test_to_episodic_format_handles_floating_durations_and_preserves_events" time="0.025" /><testcase classname="lifelines.tests.utils.test_utils.TestLongDataFrameUtils" name="test_to_episodic_format_adds_id_col" time="0.027" /><testcase classname="lifelines.tests.utils.test_utils.TestLongDataFrameUtils" name="test_to_episodic_format_uses_custom_index_as_id" time="0.018" /><testcase classname="lifelines.tests.utils.test_utils.TestStepSizer" name="test_StepSizer_step_will_decrease_if_unstable" time="0.004" /><testcase classname="lifelines.tests.utils.test_utils.TestStepSizer" name="test_StepSizer_step_will_increase_if_stable" time="0.004" /><testcase classname="lifelines.tests.utils.test_utils.TestStepSizer" name="test_StepSizer_step_will_decrease_if_explodes" time="0.004" /><testcase classname="lifelines.tests.utils.test_utils" name="test_rmst_works_at_kaplan_meier_edge_case" time="0.076" /><testcase classname="lifelines.tests.utils.test_utils" name="test_rmst_works_at_kaplan_meier_with_left_censoring" time="0.175" /><testcase classname="lifelines.tests.utils.test_utils" name="test_rmst_works_with_return_variance" time="0.040" /><testcase classname="lifelines.tests.utils.test_utils" name="test_rmst_exactly_with_known_solution" time="0.285" /><testcase classname="lifelines.tests.utils.test_utils" name="test_rmst_approximate_solution" time="0.112" /><testcase classname="lifelines.tests.utils.test_utils" name="test_rmst_variance" time="0.170" /><testcase classname="lifelines.tests.utils.test_utils" name="test_find_best_parametric_model" time="22.148" /><testcase classname="lifelines.tests.utils.test_utils" name="test_find_best_parametric_model_can_accept_other_models" time="22.872" /><testcase classname="lifelines.tests.utils.test_utils" name="test_find_best_parametric_model_with_BIC" time="16.693" /><testcase classname="lifelines.tests.utils.test_utils" name="test_find_best_parametric_model_works_for_left_censoring" time="25.085" /><testcase classname="lifelines.tests.utils.test_utils" name="test_find_best_parametric_model_works_for_interval_censoring" time="15.300" /><testcase classname="lifelines.tests.utils.test_utils" name="test_find_best_parametric_model_works_with_weights_and_entry" time="18.944" /><testcase classname="lifelines.tests.utils.test_utils" name="test_safe_exp" time="0.004" /><testcase classname="lifelines.tests.utils.test_utils.TestAccumulators" name="test_linear_accumulator" time="0.003" /><testcase classname="lifelines.tests.utils.test_utils.TestAccumulators" name="test_quadratic_accumulator" time="0.003" /></testsuite></testsuites>